*version
3
data-file-overflow=false
clock=dual
elapsed-time-usec=1175715
num-method-calls=3824
clock-call-overhead-nsec=3173
vm=art
pid=5845
*threads
5845	main
5851	Signal Catcher
5852	JDWP
5855	FinalizerDaemon
5853	ReferenceQueueDaemon
5858	FinalizerWatchdogDaemon
5859	HeapTaskDaemon
5860	Binder:5845_1
5862	Binder:5845_2
5865	FileObserver
5904	RenderThread
5908	hwuiTask1
5910	hwuiTask2
*methods
0x108	java.lang.ref.Reference	get	()Ljava/lang/Object;	Reference.java
0x350	java.util.AbstractCollection	<init>	()V	AbstractCollection.java
0x934	java.lang.ThreadLocal	access$200	(Ljava/lang/ThreadLocal;)I	ThreadLocal.java
0x938	java.lang.ThreadLocal	access$300	(Ljava/lang/ThreadLocal;)Ljava/lang/ref/Reference;	ThreadLocal.java
0x64	java.lang.ThreadLocal	get	()Ljava/lang/Object;	ThreadLocal.java
0x920	java.lang.ThreadLocal	set	(Ljava/lang/Object;)V	ThreadLocal.java
0x6c	java.lang.ThreadLocal	values	(Ljava/lang/Thread;)Ljava/lang/ThreadLocal$Values;	ThreadLocal.java
0x338	java.lang.Boolean	valueOf	(Z)Ljava/lang/Boolean;	Boolean.java
0x3b8	java.lang.Boolean	booleanValue	()Z	Boolean.java
0xbc	java.lang.Number	<init>	()V	Number.java
0xb8	java.lang.Integer	<init>	(I)V	Integer.java
0xb4	java.lang.Integer	valueOf	(I)Ljava/lang/Integer;	Integer.java
0x940	java.lang.Integer	equals	(Ljava/lang/Object;)Z	Integer.java
0xc8	java.lang.Integer	hashCode	()I	Integer.java
0x70	java.lang.ThreadLocal$Values	access$000	(Ljava/lang/ThreadLocal$Values;)[Ljava/lang/Object;	ThreadLocal.java
0x74	java.lang.ThreadLocal$Values	access$100	(Ljava/lang/ThreadLocal$Values;)I	ThreadLocal.java
0x928	java.lang.ThreadLocal$Values	cleanUp	()V	ThreadLocal.java
0x930	java.lang.ThreadLocal$Values	next	(I)I	ThreadLocal.java
0x92c	java.lang.ThreadLocal$Values	rehash	()Z	ThreadLocal.java
0x924	java.lang.ThreadLocal$Values	put	(Ljava/lang/ThreadLocal;Ljava/lang/Object;)V	ThreadLocal.java
0x13c	java.lang.ref.WeakReference	<init>	(Ljava/lang/Object;)V	WeakReference.java
0x968	java.nio.Buffer	<init>	(IIJ)V	Buffer.java
0x964	java.nio.ByteBuffer	<init>	(IJ)V	ByteBuffer.java
0x954	java.nio.ByteBuffer	wrap	([BII)Ljava/nio/ByteBuffer;	ByteBuffer.java
0x96c	java.nio.ByteBuffer	order	(Ljava/nio/ByteOrder;)Ljava/nio/ByteBuffer;	ByteBuffer.java
0x960	java.nio.ByteArrayBuffer	<init>	(I[BIZ)V	ByteArrayBuffer.java
0x95c	java.nio.ByteArrayBuffer	<init>	([B)V	ByteArrayBuffer.java
0x970	java.nio.ByteArrayBuffer	get	()B	ByteArrayBuffer.java
0x34c	java.util.AbstractSet	<init>	()V	AbstractSet.java
0x958	java.util.Arrays	checkOffsetAndCount	(III)V	Arrays.java
0xcc	java.util.Collections	secondaryHash	(I)I	Collections.java
0xc4	java.util.Collections	secondaryHash	(Ljava/lang/Object;)I	Collections.java
0x364	java.util.HashMap$HashIterator	<init>	(Ljava/util/HashMap;)V	HashMap.java
0x368	java.util.HashMap$HashIterator	hasNext	()Z	HashMap.java
0x370	java.util.HashMap$HashIterator	nextEntry	()Ljava/util/HashMap$HashMapEntry;	HashMap.java
0x360	java.util.HashMap$KeyIterator	<init>	(Ljava/util/HashMap;)V	HashMap.java
0x35c	java.util.HashMap$KeyIterator	<init>	(Ljava/util/HashMap;Ljava/util/HashMap$1;)V	HashMap.java
0x36c	java.util.HashMap$KeyIterator	next	()Ljava/lang/Object;	HashMap.java
0x348	java.util.HashMap$KeySet	<init>	(Ljava/util/HashMap;)V	HashMap.java
0x344	java.util.HashMap$KeySet	<init>	(Ljava/util/HashMap;Ljava/util/HashMap$1;)V	HashMap.java
0x354	java.util.HashMap$KeySet	iterator	()Ljava/util/Iterator;	HashMap.java
0x6b8	java.util.HashMap	containsKey	(Ljava/lang/Object;)Z	HashMap.java
0xc0	java.util.HashMap	get	(Ljava/lang/Object;)Ljava/lang/Object;	HashMap.java
0x340	java.util.HashMap	keySet	()Ljava/util/Set;	HashMap.java
0x358	java.util.HashMap	newKeyIterator	()Ljava/util/Iterator;	HashMap.java
0x208	java.util.HashMap	size	()I	HashMap.java
0x6b4	java.util.HashSet	contains	(Ljava/lang/Object;)Z	HashSet.java
0x33c	java.util.HashSet	iterator	()Ljava/util/Iterator;	HashSet.java
0x564	java.util.Locale	getDefault	()Ljava/util/Locale;	Locale.java
0x570	java.util.Locale	equals	(Ljava/lang/Object;)Z	Locale.java
0x574	java.util.Locale	toString	()Ljava/lang/String;	Locale.java
0x944	org.apache.harmony.dalvik.ddmc.Chunk	<init>	(I[BII)V	Chunk.java
0x950	org.apache.harmony.dalvik.ddmc.ChunkHandler	wrapChunk	(Lorg/apache/harmony/dalvik/ddmc/Chunk;)Ljava/nio/ByteBuffer;	ChunkHandler.java
0x40	android.os.Binder	attachInterface	(Landroid/os/IInterface;Ljava/lang/String;)V	Binder.java
0x760	android.content.Context	obtainStyledAttributes	(I[I)Landroid/content/res/TypedArray;	Context.java
0x1ec	android.content.Context	obtainStyledAttributes	(Landroid/util/AttributeSet;[I)Landroid/content/res/TypedArray;	Context.java
0x238	android.content.Context	obtainStyledAttributes	(Landroid/util/AttributeSet;[III)Landroid/content/res/TypedArray;	Context.java
0x2c8	android.content.ContextWrapper	getApplicationInfo	()Landroid/content/pm/ApplicationInfo;	ContextWrapper.java
0xe4	android.content.ContextWrapper	getBaseContext	()Landroid/content/Context;	ContextWrapper.java
0x118	android.content.ContextWrapper	getMainLooper	()Landroid/os/Looper;	ContextWrapper.java
0x88c	android.content.ContextWrapper	getOpPackageName	()Ljava/lang/String;	ContextWrapper.java
0x6a8	android.content.ContextWrapper	getPackageName	()Ljava/lang/String;	ContextWrapper.java
0x90	android.view.ContextThemeWrapper	getResources	()Landroid/content/res/Resources;	ContextThemeWrapper.java
0xec	android.view.ContextThemeWrapper	getSystemService	(Ljava/lang/String;)Ljava/lang/Object;	ContextThemeWrapper.java
0x128	android.view.ContextThemeWrapper	getTheme	()Landroid/content/res/Resources$Theme;	ContextThemeWrapper.java
0xe0	android.app.Activity	getSystemService	(Ljava/lang/String;)Ljava/lang/Object;	Activity.java
0x258	android.app.Activity	onCreateView	(Landroid/view/View;Ljava/lang/String;Landroid/content/Context;Landroid/util/AttributeSet;)Landroid/view/View;	Activity.java
0x264	android.app.Activity	onCreateView	(Ljava/lang/String;Landroid/content/Context;Landroid/util/AttributeSet;)Landroid/view/View;	Activity.java
0x120	android.app.ActivityThread	getLooper	()Landroid/os/Looper;	ActivityThread.java
0x880	android.app.INotificationManager$Stub	asInterface	(Landroid/os/IBinder;)Landroid/app/INotificationManager;	INotificationManager.java
0x4e4	android.content.pm.ApplicationInfo	hasRtlSupport	()Z	ApplicationInfo.java
0x5a4	android.content.res.ColorStateList	<init>	([[I[I)V	ColorStateList.java
0x5a8	android.content.res.ColorStateList	onColorsChanged	()V	ColorStateList.java
0x594	android.content.res.ColorStateList	valueOf	(I)Landroid/content/res/ColorStateList;	ColorStateList.java
0x5c4	android.content.res.ColorStateList	canApplyTheme	()Z	ColorStateList.java
0x650	android.content.res.ColorStateList	getColorForState	([II)I	ColorStateList.java
0x5c8	android.content.res.ColorStateList	getDefaultColor	()I	ColorStateList.java
0x5c0	android.content.res.ColorStateList	obtainForTheme	(Landroid/content/res/Resources$Theme;)Landroid/content/res/ColorStateList;	ColorStateList.java
0x330	android.content.res.Configuration	getLayoutDirection	()I	Configuration.java
0x408	android.content.res.Resources	cacheDrawable	(Landroid/util/TypedValue;ZLandroid/content/res/DrawableCache;Landroid/content/res/Resources$Theme;ZJLandroid/graphics/drawable/Drawable;)V	Resources.java
0x550	android.content.res.Resources	getCompatibilityInfo	()Landroid/content/res/CompatibilityInfo;	Resources.java
0x94	android.content.res.Resources	getDimensionPixelSize	(I)I	Resources.java
0x2a8	android.content.res.Resources	getDisplayMetrics	()Landroid/util/DisplayMetrics;	Resources.java
0xdc	android.content.res.Resources	getInteger	(I)I	Resources.java
0x140	android.content.res.Resources	getLayout	(I)Landroid/content/res/XmlResourceParser;	Resources.java
0x32c	android.content.res.Resources	getPreloadedDrawable	(JI)Landroid/graphics/drawable/Drawable$ConstantState;	Resources.java
0x9c	android.content.res.Resources	getValue	(ILandroid/util/TypedValue;Z)V	Resources.java
0x2f0	android.content.res.Resources	isPreloading	()Z	Resources.java
0x590	android.content.res.Resources	loadColorStateList	(Landroid/util/TypedValue;ILandroid/content/res/Resources$Theme;)Landroid/content/res/ColorStateList;	Resources.java
0x2f4	android.content.res.Resources	loadDrawable	(Landroid/util/TypedValue;ILandroid/content/res/Resources$Theme;)Landroid/graphics/drawable/Drawable;	Resources.java
0x144	android.content.res.Resources	loadXmlResourceParser	(ILjava/lang/String;)Landroid/content/res/XmlResourceParser;	Resources.java
0x178	android.content.res.Resources	loadXmlResourceParser	(Ljava/lang/String;IILjava/lang/String;)Landroid/content/res/XmlResourceParser;	Resources.java
0x2e0	android.content.res.TypedArray	getValueAt	(ILandroid/util/TypedValue;)Z	TypedArray.java
0x2e4	android.content.res.TypedArray	loadStringValueAt	(I)Ljava/lang/CharSequence;	TypedArray.java
0x1f4	android.content.res.TypedArray	obtain	(Landroid/content/res/Resources;I)Landroid/content/res/TypedArray;	TypedArray.java
0x50c	android.content.res.TypedArray	getBoolean	(IZ)Z	TypedArray.java
0x5b0	android.content.res.TypedArray	getColor	(II)I	TypedArray.java
0x58c	android.content.res.TypedArray	getColorStateList	(I)Landroid/content/res/ColorStateList;	TypedArray.java
0x518	android.content.res.TypedArray	getDimensionPixelSize	(II)I	TypedArray.java
0x2dc	android.content.res.TypedArray	getDrawable	(I)Landroid/graphics/drawable/Drawable;	TypedArray.java
0x510	android.content.res.TypedArray	getFloat	(IF)F	TypedArray.java
0x2d8	android.content.res.TypedArray	getIndex	(I)I	TypedArray.java
0x2d4	android.content.res.TypedArray	getIndexCount	()I	TypedArray.java
0x504	android.content.res.TypedArray	getInt	(II)I	TypedArray.java
0x798	android.content.res.TypedArray	getLayoutDimension	(ILjava/lang/String;)I	TypedArray.java
0x20c	android.content.res.TypedArray	getResourceId	(II)I	TypedArray.java
0x5d4	android.content.res.TypedArray	getResources	()Landroid/content/res/Resources;	TypedArray.java
0x5dc	android.content.res.TypedArray	getString	(I)Ljava/lang/String;	TypedArray.java
0x738	android.content.res.TypedArray	hasValue	(I)Z	TypedArray.java
0x210	android.content.res.TypedArray	recycle	()V	TypedArray.java
0x3f0	android.graphics.Bitmap	getHeight	()I	Bitmap.java
0x3e8	android.graphics.Bitmap	getWidth	()I	Bitmap.java
0x4d0	android.graphics.Bitmap	hasAlpha	()Z	Bitmap.java
0x54	android.graphics.Rect	<init>	()V	Rect.java
0x3d0	android.graphics.Rect	<init>	(Landroid/graphics/Rect;)V	Rect.java
0x468	android.graphics.Rect	set	(Landroid/graphics/Rect;)V	Rect.java
0x3c8	android.graphics.drawable.Drawable	<init>	()V	Drawable.java
0x3f8	android.graphics.drawable.Drawable	getCallback	()Landroid/graphics/drawable/Drawable$Callback;	Drawable.java
0x414	android.graphics.drawable.Drawable	getChangingConfigurations	()I	Drawable.java
0x470	android.graphics.drawable.Drawable	getLayoutDirection	()I	Drawable.java
0x3f4	android.graphics.drawable.Drawable	invalidateSelf	()V	Drawable.java
0x4b8	android.graphics.drawable.Drawable	isStateful	()Z	Drawable.java
0x4b0	android.graphics.drawable.Drawable	setCallback	(Landroid/graphics/drawable/Drawable$Callback;)V	Drawable.java
0x404	android.graphics.drawable.Drawable	setChangingConfigurations	(I)V	Drawable.java
0x458	android.graphics.drawable.Drawable	setLayoutDirection	(I)Z	Drawable.java
0x4c0	android.graphics.drawable.Drawable	setVisible	(ZZ)Z	Drawable.java
0x3d4	android.graphics.drawable.Drawable	updateTintFilter	(Landroid/graphics/PorterDuffColorFilter;Landroid/content/res/ColorStateList;Landroid/graphics/PorterDuff$Mode;)Landroid/graphics/PorterDuffColorFilter;	Drawable.java
0x58	android.os.Handler	<init>	()V	Handler.java
0x5c	android.os.Handler	<init>	(Landroid/os/Handler$Callback;Z)V	Handler.java
0x8ec	android.os.Handler	enqueueMessage	(Landroid/os/MessageQueue;Landroid/os/Message;J)Z	Handler.java
0x8cc	android.os.Handler	getPostMessage	(Ljava/lang/Runnable;)Landroid/os/Message;	Handler.java
0x8c8	android.os.Handler	post	(Ljava/lang/Runnable;)Z	Handler.java
0x8e8	android.os.Handler	sendMessageAtTime	(Landroid/os/Message;J)Z	Handler.java
0x8e0	android.os.Handler	sendMessageDelayed	(Landroid/os/Message;J)Z	Handler.java
0x858	android.os.BaseLooper	isMonitorLooper	()Z	BaseLooper.java
0x60	android.os.Looper	myLooper	()Landroid/os/Looper;	Looper.java
0x124	android.os.Looper	getThread	()Ljava/lang/Thread;	Looper.java
0x8d0	android.os.Message	obtain	()Landroid/os/Message;	Message.java
0x900	android.os.Message	isInUse	()Z	Message.java
0x908	android.os.Message	markInUse	()V	Message.java
0x8bc	android.os.Parcel	enforceInterface	(Ljava/lang/String;)V	Parcel.java
0x8d4	android.os.Parcel	readException	()V	Parcel.java
0x8d8	android.os.Parcel	readExceptionCode	()I	Parcel.java
0x8dc	android.os.Parcel	readInt	()I	Parcel.java
0x864	android.os.Parcel	readStrongBinder	()Landroid/os/IBinder;	Parcel.java
0x870	android.os.Parcel	recycle	()V	Parcel.java
0x8a4	android.os.Parcel	writeInt	(I)V	Parcel.java
0x830	android.os.Parcel	writeInterfaceToken	(Ljava/lang/String;)V	Parcel.java
0x838	android.os.Parcel	writeString	(Ljava/lang/String;)V	Parcel.java
0x89c	android.os.Parcel	writeStrongBinder	(Landroid/os/IBinder;)V	Parcel.java
0x3b4	android.text.TextUtils	equals	(Ljava/lang/CharSequence;Ljava/lang/CharSequence;)Z	TextUtils.java
0x7c	android.text.TextUtils	stringOrSpannedString	(Ljava/lang/CharSequence;)Ljava/lang/CharSequence;	TextUtils.java
0x308	android.util.ArrayMap	get	(Ljava/lang/Object;)Ljava/lang/Object;	ArrayMap.java
0x314	android.util.ArrayMap	indexOf	(Ljava/lang/Object;I)I	ArrayMap.java
0x30c	android.util.ArrayMap	indexOfKey	(Ljava/lang/Object;)I	ArrayMap.java
0x14c	android.util.SparseArray	get	(I)Ljava/lang/Object;	SparseArray.java
0x150	android.util.SparseArray	get	(ILjava/lang/Object;)Ljava/lang/Object;	SparseArray.java
0x598	android.util.SparseArray	indexOfKey	(I)I	SparseArray.java
0x160	android.util.SparseArray	put	(ILjava/lang/Object;)V	SparseArray.java
0x59c	android.util.SparseArray	size	()I	SparseArray.java
0x5a0	android.util.SparseArray	valueAt	(I)Ljava/lang/Object;	SparseArray.java
0x1cc	android.util.Xml	asAttributeSet	(Lorg/xmlpull/v1/XmlPullParser;)Landroid/util/AttributeSet;	Xml.java
0x1e4	android.view.LayoutInflater	createViewFromTag	(Landroid/view/View;Ljava/lang/String;Landroid/content/Context;Landroid/util/AttributeSet;)Landroid/view/View;	LayoutInflater.java
0x278	android.view.LayoutInflater	createView	(Ljava/lang/String;Ljava/lang/String;Landroid/util/AttributeSet;)Landroid/view/View;	LayoutInflater.java
0x1e8	android.view.LayoutInflater	createViewFromTag	(Landroid/view/View;Ljava/lang/String;Landroid/content/Context;Landroid/util/AttributeSet;Z)Landroid/view/View;	LayoutInflater.java
0xf8	android.view.LayoutInflater	getContext	()Landroid/content/Context;	LayoutInflater.java
0xf0	android.view.LayoutInflater	inflate	(ILandroid/view/ViewGroup;)Landroid/view/View;	LayoutInflater.java
0xf4	android.view.LayoutInflater	inflate	(ILandroid/view/ViewGroup;Z)Landroid/view/View;	LayoutInflater.java
0x1c0	android.view.LayoutInflater	inflate	(Lorg/xmlpull/v1/XmlPullParser;Landroid/view/ViewGroup;Z)Landroid/view/View;	LayoutInflater.java
0x270	android.view.LayoutInflater	onCreateView	(Landroid/view/View;Ljava/lang/String;Landroid/util/AttributeSet;)Landroid/view/View;	LayoutInflater.java
0x524	android.view.LayoutInflater	rInflate	(Lorg/xmlpull/v1/XmlPullParser;Landroid/view/View;Landroid/content/Context;Landroid/util/AttributeSet;Z)V	LayoutInflater.java
0x520	android.view.LayoutInflater	rInflateChildren	(Lorg/xmlpull/v1/XmlPullParser;Landroid/view/View;Landroid/util/AttributeSet;Z)V	LayoutInflater.java
0x294	android.view.View	<init>	(Landroid/content/Context;)V	View.java
0x290	android.view.View	<init>	(Landroid/content/Context;Landroid/util/AttributeSet;II)V	View.java
0x4c4	android.view.View	applyBackgroundTint	()V	View.java
0x4e0	android.view.View	hasRtlSupport	()Z	View.java
0x4dc	android.view.View	isRtlCompatibilityMode	()Z	View.java
0x64c	android.view.View	mergeDrawableStates	([I[I)[I	View.java
0x484	android.view.View	rebuildOutline	()V	View.java
0x4a8	android.view.View	skipInvalidate	()Z	View.java
0x448	android.view.View	computeOpaqueFlags	()V	View.java
0x804	android.view.View	findViewById	(I)Landroid/view/View;	View.java
0x80c	android.view.View	findViewTraversal	(I)Landroid/view/View;	View.java
0x454	android.view.View	getContext	()Landroid/content/Context;	View.java
0x634	android.view.View	getDrawableState	()[I	View.java
0x718	android.view.View	getImportantForAccessibility	()I	View.java
0x450	android.view.View	getLayoutDirection	()I	View.java
0x7b0	android.view.View	getParent	()Landroid/view/ViewParent;	View.java
0x60c	android.view.View	getRawLayoutDirection	()I	View.java
0x54c	android.view.View	getResources	()Landroid/content/res/Resources;	View.java
0x4bc	android.view.View	getVisibility	()I	View.java
0x7cc	android.view.View	hasFocus	()Z	View.java
0x77c	android.view.View	hasOnClickListeners	()Z	View.java
0x7f0	android.view.View	hasTransientState	()Z	View.java
0x644	android.view.View	hasWindowFocus	()Z	View.java
0x4f8	android.view.View	includeForAccessibility	()Z	View.java
0x478	android.view.View	internalSetPadding	(IIII)V	View.java
0x614	android.view.View	invalidate	()V	View.java
0x4a0	android.view.View	invalidate	(Z)V	View.java
0x4a4	android.view.View	invalidateInternal	(IIIIZZ)V	View.java
0x480	android.view.View	invalidateOutline	()V	View.java
0x498	android.view.View	invalidateViewProperty	(ZZ)V	View.java
0x704	android.view.View	isClickable	()Z	View.java
0x640	android.view.View	isFocused	()Z	View.java
0x49c	android.view.View	isHardwareAccelerated	()Z	View.java
0x7d0	android.view.View	isLayoutDirectionInherited	()Z	View.java
0x608	android.view.View	isLayoutDirectionResolved	()Z	View.java
0x708	android.view.View	isLongClickable	()Z	View.java
0x4ac	android.view.View	isOpaque	()Z	View.java
0x488	android.view.View	notifySubtreeAccessibilityStateChangedIfNeeded	()V	View.java
0x700	android.view.View	notifyViewAccessibilityStateChangedIfNeeded	(I)V	View.java
0x63c	android.view.View	onCreateDrawableState	(I)[I	View.java
0x7a0	android.view.View	onFinishInflate	()V	View.java
0x47c	android.view.View	requestLayout	()V	View.java
0x600	android.view.View	resetResolvedDrawables	()V	View.java
0x44c	android.view.View	resetResolvedDrawablesInternal	()V	View.java
0x7d8	android.view.View	resetResolvedLayoutDirection	()V	View.java
0x7e4	android.view.View	resetResolvedPadding	()V	View.java
0x46c	android.view.View	resetResolvedPaddingInternal	()V	View.java
0x7e0	android.view.View	resetResolvedTextAlignment	()V	View.java
0x7dc	android.view.View	resetResolvedTextDirection	()V	View.java
0x7d4	android.view.View	resetRtlProperties	()V	View.java
0x604	android.view.View	resolveDrawables	()V	View.java
0x7bc	android.view.View	resolveLayoutParams	()V	View.java
0x440	android.view.View	setBackground	(Landroid/graphics/drawable/Drawable;)V	View.java
0x444	android.view.View	setBackgroundDrawable	(Landroid/graphics/drawable/Drawable;)V	View.java
0x710	android.view.View	setClickable	(Z)V	View.java
0x4f4	android.view.View	setFlags	(II)V	View.java
0x70c	android.view.View	setFocusable	(Z)V	View.java
0x71c	android.view.View	setImportantForAccessibility	(I)V	View.java
0x7b8	android.view.View	setLayoutParams	(Landroid/view/ViewGroup$LayoutParams;)V	View.java
0x714	android.view.View	setLongClickable	(Z)V	View.java
0x2b0	android.view.View	setOverScrollMode	(I)V	View.java
0x29c	android.view.ViewConfiguration	get	(Landroid/content/Context;)Landroid/view/ViewConfiguration;	ViewConfiguration.java
0x2ac	android.view.ViewConfiguration	getScaledTouchSlop	()I	ViewConfiguration.java
0x790	android.view.ViewGroup$LayoutParams	<init>	()V	ViewGroup.java
0x50	android.view.ViewGroup$LayoutParams	<init>	(II)V	ViewGroup.java
0x794	android.view.ViewGroup$LayoutParams	setBaseAttributes	(Landroid/content/res/TypedArray;II)V	ViewGroup.java
0x28c	android.view.ViewGroup	<init>	(Landroid/content/Context;Landroid/util/AttributeSet;II)V	ViewGroup.java
0x7c8	android.view.ViewGroup	addInArray	(Landroid/view/View;I)V	ViewGroup.java
0x7ac	android.view.ViewGroup	addViewInner	(Landroid/view/View;ILandroid/view/ViewGroup$LayoutParams;Z)V	ViewGroup.java
0x4f0	android.view.ViewGroup	debugDraw	()Z	ViewGroup.java
0x500	android.view.ViewGroup	initFromAttributes	(Landroid/content/Context;Landroid/util/AttributeSet;II)V	ViewGroup.java
0x4ec	android.view.ViewGroup	initViewGroup	()V	ViewGroup.java
0x7a8	android.view.ViewGroup	addView	(Landroid/view/View;ILandroid/view/ViewGroup$LayoutParams;)V	ViewGroup.java
0x7a4	android.view.ViewGroup	addView	(Landroid/view/View;Landroid/view/ViewGroup$LayoutParams;)V	ViewGroup.java
0x7e8	android.view.ViewGroup	dispatchViewAdded	(Landroid/view/View;)V	ViewGroup.java
0x808	android.view.ViewGroup	findViewTraversal	(I)Landroid/view/View;	ViewGroup.java
0x474	android.view.ViewGroup	internalSetPadding	(IIII)V	ViewGroup.java
0x7ec	android.view.ViewGroup	onViewAdded	(Landroid/view/View;)V	ViewGroup.java
0x4fc	android.view.ViewGroup	setDescendantFocusability	(I)V	ViewGroup.java
0x4c	android.view.WindowManager$LayoutParams	<init>	()V	WindowManager.java
0x78	android.view.WindowManager$LayoutParams	setTitle	(Ljava/lang/CharSequence;)V	WindowManager.java
0x788	android.widget.LinearLayout$LayoutParams	<init>	(Landroid/content/Context;Landroid/util/AttributeSet;)V	LinearLayout.java
0x280	android.widget.LinearLayout	<init>	(Landroid/content/Context;Landroid/util/AttributeSet;)V	LinearLayout.java
0x284	android.widget.LinearLayout	<init>	(Landroid/content/Context;Landroid/util/AttributeSet;I)V	LinearLayout.java
0x288	android.widget.LinearLayout	<init>	(Landroid/content/Context;Landroid/util/AttributeSet;II)V	LinearLayout.java
0x7b4	android.widget.LinearLayout	checkLayoutParams	(Landroid/view/ViewGroup$LayoutParams;)Z	LinearLayout.java
0x780	android.widget.LinearLayout	generateLayoutParams	(Landroid/util/AttributeSet;)Landroid/view/ViewGroup$LayoutParams;	LinearLayout.java
0x784	android.widget.LinearLayout	generateLayoutParams	(Landroid/util/AttributeSet;)Landroid/widget/LinearLayout$LayoutParams;	LinearLayout.java
0x514	android.widget.LinearLayout	setDividerDrawable	(Landroid/graphics/drawable/Drawable;)V	LinearLayout.java
0x508	android.widget.LinearLayout	setOrientation	(I)V	LinearLayout.java
0x304	android.content.res.Resources$Theme	getKey	()Landroid/content/res/Resources$ThemeKey;	Resources.java
0x584	android.content.res.Resources$Theme	obtainStyledAttributes	(I[I)Landroid/content/res/TypedArray;	Resources.java
0x1f0	android.content.res.Resources$Theme	obtainStyledAttributes	(Landroid/util/AttributeSet;[III)Landroid/content/res/TypedArray;	Resources.java
0x12c	android.content.res.Resources$Theme	resolveAttribute	(ILandroid/util/TypedValue;Z)Z	Resources.java
0x3e0	android.graphics.NinePatch	getDensity	()I	NinePatch.java
0x3ec	android.graphics.NinePatch	getHeight	()I	NinePatch.java
0x3e4	android.graphics.NinePatch	getWidth	()I	NinePatch.java
0x4cc	android.graphics.NinePatch	hasAlpha	()Z	NinePatch.java
0x3c4	android.graphics.drawable.NinePatchDrawable	<init>	(Landroid/graphics/drawable/NinePatchDrawable$NinePatchState;Landroid/content/res/Resources;)V	NinePatchDrawable.java
0x3c0	android.graphics.drawable.NinePatchDrawable	<init>	(Landroid/graphics/drawable/NinePatchDrawable$NinePatchState;Landroid/content/res/Resources;Landroid/graphics/drawable/NinePatchDrawable$1;)V	NinePatchDrawable.java
0x3dc	android.graphics.drawable.NinePatchDrawable	computeBitmapSize	()V	NinePatchDrawable.java
0x460	android.graphics.drawable.NinePatchDrawable	needsMirroring	()Z	NinePatchDrawable.java
0x3d8	android.graphics.drawable.NinePatchDrawable	setNinePatch	(Landroid/graphics/NinePatch;)V	NinePatchDrawable.java
0x3cc	android.graphics.drawable.NinePatchDrawable	updateLocalState	(Landroid/content/res/Resources;)V	NinePatchDrawable.java
0x3fc	android.graphics.drawable.NinePatchDrawable	canApplyTheme	()Z	NinePatchDrawable.java
0x410	android.graphics.drawable.NinePatchDrawable	getChangingConfigurations	()I	NinePatchDrawable.java
0x40c	android.graphics.drawable.NinePatchDrawable	getConstantState	()Landroid/graphics/drawable/Drawable$ConstantState;	NinePatchDrawable.java
0x4c8	android.graphics.drawable.NinePatchDrawable	getOpacity	()I	NinePatchDrawable.java
0x45c	android.graphics.drawable.NinePatchDrawable	getPadding	(Landroid/graphics/Rect;)Z	NinePatchDrawable.java
0x464	android.graphics.drawable.NinePatchDrawable	isAutoMirrored	()Z	NinePatchDrawable.java
0x4b4	android.graphics.drawable.NinePatchDrawable	isStateful	()Z	NinePatchDrawable.java
0x8fc	android.os.MessageQueue	enqueueMessage	(Landroid/os/Message;J)Z	MessageQueue.java
0x824	android.os.ServiceManager	getIServiceManager	()Landroid/os/IServiceManager;	ServiceManager.java
0x820	android.os.ServiceManager	getService	(Ljava/lang/String;)Landroid/os/IBinder;	ServiceManager.java
0x544	android.text.Editable$Factory	getInstance	()Landroid/text/Editable$Factory;	Editable.java
0x548	android.text.Spannable$Factory	getInstance	()Landroid/text/Spannable$Factory;	Spannable.java
0x554	android.text.TextPaint	<init>	(I)V	TextPaint.java
0x154	android.util.ContainerHelpers	binarySearch	([III)I	ContainerHelpers.java
0x324	android.util.ContainerHelpers	binarySearch	([JIJ)I	ContainerHelpers.java
0x420	android.util.LongSparseArray	<init>	(I)V	LongSparseArray.java
0x31c	android.util.LongSparseArray	get	(J)Ljava/lang/Object;	LongSparseArray.java
0x320	android.util.LongSparseArray	get	(JLjava/lang/Object;)Ljava/lang/Object;	LongSparseArray.java
0x434	android.util.LongSparseArray	put	(JLjava/lang/Object;)V	LongSparseArray.java
0x21c	android.util.Pools$SimplePool	isInPool	(Ljava/lang/Object;)Z	Pools.java
0x1fc	android.util.Pools$SimplePool	acquire	()Ljava/lang/Object;	Pools.java
0x218	android.util.Pools$SimplePool	release	(Ljava/lang/Object;)Z	Pools.java
0x1f8	android.util.Pools$SynchronizedPool	acquire	()Ljava/lang/Object;	Pools.java
0x214	android.util.Pools$SynchronizedPool	release	(Ljava/lang/Object;)Z	Pools.java
0x648	android.util.StateSet	get	(I)[I	StateSet.java
0x654	android.util.StateSet	stateSetMatches	([I[I)Z	StateSet.java
0xd8	android.util.TypedValue	applyDimension	(IFLandroid/util/DisplayMetrics;)F	TypedValue.java
0xd0	android.util.TypedValue	complexToDimensionPixelSize	(ILandroid/util/DisplayMetrics;)I	TypedValue.java
0xd4	android.util.TypedValue	complexToFloat	(I)F	TypedValue.java
0x48c	android.view.accessibility.AccessibilityManager	getInstance	(Landroid/content/Context;)Landroid/view/accessibility/AccessibilityManager;	AccessibilityManager.java
0x490	android.view.accessibility.AccessibilityManager	isEnabled	()Z	AccessibilityManager.java
0x494	android.view.accessibility.AccessibilityManager	isFinalEnabled	()Z	AccessibilityManager.java
0x274	com.android.internal.policy.PhoneLayoutInflater	onCreateView	(Ljava/lang/String;Landroid/util/AttributeSet;)Landroid/view/View;	PhoneLayoutInflater.java
0x424	com.android.internal.util.ArrayUtils	newUnpaddedLongArray	(I)[J	ArrayUtils.java
0x430	com.android.internal.util.ArrayUtils	newUnpaddedObjectArray	(I)[Ljava/lang/Object;	ArrayUtils.java
0x164	com.android.internal.util.GrowingArrayUtils	insert	([IIII)[I	GrowingArrayUtils.java
0x438	com.android.internal.util.GrowingArrayUtils	insert	([JIIJ)[J	GrowingArrayUtils.java
0x170	com.android.internal.util.GrowingArrayUtils	insert	([Ljava/lang/Object;IILjava/lang/Object;)[Ljava/lang/Object;	GrowingArrayUtils.java
0x78c	android.view.ViewGroup$MarginLayoutParams	<init>	(Landroid/content/Context;Landroid/util/AttributeSet;)V	ViewGroup.java
0x79c	android.view.ViewGroup$MarginLayoutParams	isMarginRelative	()Z	ViewGroup.java
0x7c0	android.view.ViewGroup$MarginLayoutParams	resolveLayoutDirection	(I)V	ViewGroup.java
0x7c4	android.view.ViewGroup$MarginLayoutParams	setLayoutDirection	(I)V	ViewGroup.java
0x2cc	android.app.ContextImpl	getApplicationInfo	()Landroid/content/pm/ApplicationInfo;	ContextImpl.java
0x11c	android.app.ContextImpl	getMainLooper	()Landroid/os/Looper;	ContextImpl.java
0x890	android.app.ContextImpl	getOpPackageName	()Ljava/lang/String;	ContextImpl.java
0x6ac	android.app.ContextImpl	getPackageName	()Ljava/lang/String;	ContextImpl.java
0x888	android.app.INotificationManager$Stub$Proxy	<init>	(Landroid/os/IBinder;)V	INotificationManager.java
0x894	android.app.INotificationManager$Stub$Proxy	enqueueToast	(Ljava/lang/String;Landroid/app/ITransientNotification;I)V	INotificationManager.java
0x2d0	android.app.LoadedApk	getApplicationInfo	()Landroid/content/pm/ApplicationInfo;	LoadedApk.java
0x6b0	android.app.LoadedApk	getPackageName	()Ljava/lang/String;	LoadedApk.java
0x300	android.content.res.ThemedResourceCache	getThemedLocked	(Landroid/content/res/Resources$Theme;Z)Landroid/util/LongSparseArray;	ThemedResourceCache.java
0x328	android.content.res.ThemedResourceCache	getUnthemedLocked	(Z)Landroid/util/LongSparseArray;	ThemedResourceCache.java
0x2fc	android.content.res.ThemedResourceCache	get	(JLandroid/content/res/Resources$Theme;)Ljava/lang/Object;	ThemedResourceCache.java
0x41c	android.content.res.ThemedResourceCache	put	(JLandroid/content/res/Resources$Theme;Ljava/lang/Object;Z)V	ThemedResourceCache.java
0x5b4	android.content.res.ConfigurationBoundResourceCache	getInstance	(JLandroid/content/res/Resources$Theme;)Ljava/lang/Object;	ConfigurationBoundResourceCache.java
0x2f8	android.content.res.DrawableCache	getInstance	(JLandroid/content/res/Resources$Theme;)Landroid/graphics/drawable/Drawable;	DrawableCache.java
0x318	android.content.res.Resources$ThemeKey	equals	(Ljava/lang/Object;)Z	Resources.java
0x310	android.content.res.Resources$ThemeKey	hashCode	()I	Resources.java
0x148	android.content.res.StringBlock	get	(I)Ljava/lang/CharSequence;	StringBlock.java
0x1b8	android.content.res.XmlBlock$Parser	<init>	(Landroid/content/res/XmlBlock;JLandroid/content/res/XmlBlock;)V	XmlBlock.java
0x7f4	android.content.res.XmlBlock$Parser	close	()V	XmlBlock.java
0x528	android.content.res.XmlBlock$Parser	getDepth	()I	XmlBlock.java
0x1d8	android.content.res.XmlBlock$Parser	getName	()Ljava/lang/String;	XmlBlock.java
0x1d0	android.content.res.XmlBlock$Parser	next	()I	XmlBlock.java
0x19c	android.content.res.XmlBlock	close	()V	XmlBlock.java
0x1b0	android.content.res.XmlBlock	newParser	()Landroid/content/res/XmlResourceParser;	XmlBlock.java
0x94c	android.ddm.DdmHandleHeap	handleHPIF	(Lorg/apache/harmony/dalvik/ddmc/Chunk;)Lorg/apache/harmony/dalvik/ddmc/Chunk;	DdmHandleHeap.java
0x948	android.ddm.DdmHandleHeap	handleChunk	(Lorg/apache/harmony/dalvik/ddmc/Chunk;)Lorg/apache/harmony/dalvik/ddmc/Chunk;	DdmHandleHeap.java
0x4d4	android.graphics.Bitmap$BitmapFinalizer	access$000	(Landroid/graphics/Bitmap$BitmapFinalizer;)J	Bitmap.java
0x400	android.graphics.drawable.NinePatchDrawable$NinePatchState	canApplyTheme	()Z	NinePatchDrawable.java
0x418	android.graphics.drawable.NinePatchDrawable$NinePatchState	getChangingConfigurations	()I	NinePatchDrawable.java
0x3bc	android.graphics.drawable.NinePatchDrawable$NinePatchState	newDrawable	(Landroid/content/res/Resources;)Landroid/graphics/drawable/Drawable;	NinePatchDrawable.java
0x828	android.os.ServiceManagerProxy	getService	(Ljava/lang/String;)Landroid/os/IBinder;	ServiceManagerNative.java
0x20	java.lang.Object	<init>	()V	Object.java
0x2b4	java.lang.Object	getClass	()Ljava/lang/Class;	Object.java
0x190	java.lang.Object	hashCode	()I	Object.java
0x26c	java.lang.String	fastIndexOf	(II)I	String.java
0x240	java.lang.String	charAt	(I)C	String.java
0x39c	java.lang.String	endsWith	(Ljava/lang/String;)Z	String.java
0xe8	java.lang.String	equals	(Ljava/lang/Object;)Z	String.java
0x23c	java.lang.String	hashCode	()I	String.java
0x268	java.lang.String	indexOf	(I)I	String.java
0x65c	java.lang.String	length	()I	String.java
0x3a0	java.lang.String	regionMatches	(ILjava/lang/String;II)Z	String.java
0x80	java.lang.String	toString	()Ljava/lang/String;	String.java
0x2c	java.lang.ref.Reference	<init>	(Ljava/lang/Object;Ljava/lang/ref/ReferenceQueue;)V	Reference.java
0x10c	java.lang.ref.Reference	getReferent	()Ljava/lang/Object;	Reference.java
0x4	dalvik.system.VMDebug	startMethodTracing	(Ljava/lang/String;IIZI)V	VMDebug.java
0x0	dalvik.system.VMDebug	startMethodTracingFilename	(Ljava/lang/String;IIZI)V	VMDebug.java
0x97c	dalvik.system.VMDebug	stopMethodTracing	()V	VMDebug.java
0x428	dalvik.system.VMRuntime	getRuntime	()Ldalvik/system/VMRuntime;	VMRuntime.java
0x42c	dalvik.system.VMRuntime	newUnpaddedArray	(Ljava/lang/Class;I)Ljava/lang/Object;	VMRuntime.java
0x5ec	java.lang.Float	intBitsToFloat	(I)F	Float.java
0x8f8	java.lang.Math	max	(JJ)J	Math.java
0x174	java.lang.System	arraycopy	(Ljava/lang/Object;ILjava/lang/Object;II)V	System.java
0x168	java.lang.System	arraycopy	([II[III)V	System.java
0x43c	java.lang.System	arraycopy	([JI[JII)V	System.java
0x16c	java.lang.System	arraycopyIntUnchecked	([II[III)V	System.java
0x8f4	java.lang.System	currentTimeMillis	()J	System.java
0x194	java.lang.System	identityHashCode	(Ljava/lang/Object;)I	System.java
0x914	java.lang.System	nanoTime	()J	System.java
0x68	java.lang.Thread	currentThread	()Ljava/lang/Thread;	Thread.java
0x90c	java.lang.Thread	sleep	(J)V	Thread.java
0x910	java.lang.Thread	sleep	(JI)V	Thread.java
0x918	java.lang.Thread	sleep	(Ljava/lang/Object;JI)V	Thread.java
0x28	java.lang.ref.FinalizerReference	<init>	(Ljava/lang/Object;Ljava/lang/ref/ReferenceQueue;)V	FinalizerReference.java
0x24	java.lang.ref.FinalizerReference	add	(Ljava/lang/Object;)V	FinalizerReference.java
0x27c	java.lang.reflect.Constructor	newInstance	([Ljava/lang/Object;)Ljava/lang/Object;	Constructor.java
0x568	java.util.Locale$NoImagePreloadHolder	access$1000	()Ljava/util/Locale;	Locale.java
0x93c	org.apache.harmony.dalvik.ddmc.DdmServer	dispatch	(I[BII)Lorg/apache/harmony/dalvik/ddmc/Chunk;	DdmServer.java
0x974	org.apache.harmony.dalvik.ddmc.DdmVmInternal	heapInfoNotify	(I)Z	DdmVmInternal.java
0x2b8	java.lang.Class	getName	()Ljava/lang/String;	Class.java
0x38	android.os.Binder	<init>	()V	Binder.java
0x844	android.os.Binder	checkParcel	(Landroid/os/IBinder;ILandroid/os/Parcel;Ljava/lang/String;)V	Binder.java
0x8ac	android.os.Binder	execTransact	(IJJI)Z	Binder.java
0x3c	android.os.Binder	init	()V	Binder.java
0x200	android.content.res.AssetManager	applyStyle	(JIIJ[I[I[I)Z	AssetManager.java
0x1ac	android.content.res.AssetManager	decRefsLocked	(J)V	AssetManager.java
0x198	android.content.res.AssetManager	incRefsLocked	(J)V	AssetManager.java
0xa4	android.content.res.AssetManager	loadResourceValue	(ISLandroid/util/TypedValue;Z)I	AssetManager.java
0x134	android.content.res.AssetManager	loadThemeAttributeValue	(JILandroid/util/TypedValue;Z)I	AssetManager.java
0x180	android.content.res.AssetManager	openXmlAssetNative	(ILjava/lang/String;)J	AssetManager.java
0x2e8	android.content.res.AssetManager	getPooledStringForCookie	(II)Ljava/lang/CharSequence;	AssetManager.java
0xa0	android.content.res.AssetManager	getResourceValue	(IILandroid/util/TypedValue;Z)Z	AssetManager.java
0x130	android.content.res.AssetManager	getThemeValue	(JILandroid/util/TypedValue;Z)Z	AssetManager.java
0x17c	android.content.res.AssetManager	openXmlBlockAsset	(ILjava/lang/String;)Landroid/content/res/XmlBlock;	AssetManager.java
0x1a8	android.content.res.AssetManager	xmlBlockGone	(I)V	AssetManager.java
0x4d8	android.graphics.Bitmap	nativeHasAlpha	(J)Z	Bitmap.java
0x5ac	android.graphics.Color	alpha	(I)I	Color.java
0x558	android.graphics.Paint	<init>	(I)V	Paint.java
0x684	android.graphics.Paint	native_getLetterSpacing	(J)F	Paint.java
0x55c	android.graphics.Paint	native_init	()J	Paint.java
0x6d0	android.graphics.Paint	native_setShadowLayer	(JFFFI)V	Paint.java
0x578	android.graphics.Paint	native_setTextLocale	(JLjava/lang/String;)V	Paint.java
0x6c4	android.graphics.Paint	native_setTypeface	(JJ)J	Paint.java
0x68c	android.graphics.Paint	getFontFeatureSettings	()Ljava/lang/String;	Paint.java
0x680	android.graphics.Paint	getLetterSpacing	()F	Paint.java
0x66c	android.graphics.Paint	getTextSize	()F	Paint.java
0x6bc	android.graphics.Paint	getTypeface	()Landroid/graphics/Typeface;	Paint.java
0x57c	android.graphics.Paint	setCompatibilityScaling	(F)V	Paint.java
0x678	android.graphics.Paint	setElegantTextHeight	(Z)V	Paint.java
0x560	android.graphics.Paint	setFlags	(I)V	Paint.java
0x6cc	android.graphics.Paint	setShadowLayer	(FFFI)V	Paint.java
0x56c	android.graphics.Paint	setTextLocale	(Ljava/util/Locale;)V	Paint.java
0x6e8	android.graphics.Paint	setTextScaleX	(F)V	Paint.java
0x670	android.graphics.Paint	setTextSize	(F)V	Paint.java
0x6c0	android.graphics.Paint	setTypeface	(Landroid/graphics/Typeface;)Landroid/graphics/Typeface;	Paint.java
0x874	android.os.Parcel	freeBuffer	()V	Parcel.java
0x8b4	android.os.Parcel	init	(J)V	Parcel.java
0x8c0	android.os.Parcel	nativeEnforceInterface	(JLjava/lang/String;)V	Parcel.java
0x878	android.os.Parcel	nativeFreeBuffer	(J)J	Parcel.java
0x8e4	android.os.Parcel	nativeReadInt	(J)I	Parcel.java
0x868	android.os.Parcel	nativeReadStrongBinder	(J)Landroid/os/IBinder;	Parcel.java
0x8a8	android.os.Parcel	nativeWriteInt	(JI)V	Parcel.java
0x834	android.os.Parcel	nativeWriteInterfaceToken	(JLjava/lang/String;)V	Parcel.java
0x83c	android.os.Parcel	nativeWriteString	(JLjava/lang/String;)V	Parcel.java
0x8a0	android.os.Parcel	nativeWriteStrongBinder	(JLandroid/os/IBinder;)V	Parcel.java
0x82c	android.os.Parcel	obtain	()Landroid/os/Parcel;	Parcel.java
0x8b0	android.os.Parcel	obtain	(J)Landroid/os/Parcel;	Parcel.java
0x87c	android.os.Parcel	updateNativeSize	(J)V	Parcel.java
0x848	android.os.SystemClock	uptimeMillis	()J	SystemClock.java
0x53c	android.widget.TextView	<init>	(Landroid/content/Context;Landroid/util/AttributeSet;I)V	TextView.java
0x540	android.widget.TextView	<init>	(Landroid/content/Context;Landroid/util/AttributeSet;II)V	TextView.java
0x610	android.widget.TextView	applyCompoundDrawableTint	()V	TextView.java
0x624	android.widget.TextView	applySingleLine	(ZZZ)V	TextView.java
0x6f0	android.widget.TextView	removeIntersectingNonAdjacentSpans	(IILjava/lang/Class;)V	TextView.java
0x6ec	android.widget.TextView	sendBeforeTextChanged	(Ljava/lang/CharSequence;III)V	TextView.java
0x620	android.widget.TextView	setInputTypeSingleLine	(Z)V	TextView.java
0x668	android.widget.TextView	setRawTextSize	(F)V	TextView.java
0x618	android.widget.TextView	setRelativeDrawablesIfNeeded	(Landroid/graphics/drawable/Drawable;Landroid/graphics/drawable/Drawable;)V	TextView.java
0x6dc	android.widget.TextView	setText	(Ljava/lang/CharSequence;Landroid/widget/TextView$BufferType;ZI)V	TextView.java
0x690	android.widget.TextView	setTypefaceFromAttrs	(Ljava/lang/String;II)V	TextView.java
0x630	android.widget.TextView	updateTextColors	()V	TextView.java
0x5e0	android.widget.TextView	getDefaultEditable	()Z	TextView.java
0x580	android.widget.TextView	getDefaultMovementMethod	()Landroid/text/method/MovementMethod;	TextView.java
0x6f4	android.widget.TextView	getKeyListener	()Landroid/text/method/KeyListener;	TextView.java
0x758	android.widget.TextView	getTransformationMethod	()Landroid/text/method/TransformationMethod;	TextView.java
0x6e0	android.widget.TextView	isSuggestionsEnabled	()Z	TextView.java
0x5f0	android.widget.TextView	isTextSelectable	()Z	TextView.java
0x638	android.widget.TextView	onCreateDrawableState	(I)[I	TextView.java
0x6fc	android.widget.TextView	onTextChanged	(Ljava/lang/CharSequence;III)V	TextView.java
0x6e4	android.widget.TextView	removeSuggestionSpans	(Ljava/lang/CharSequence;)Ljava/lang/CharSequence;	TextView.java
0x5fc	android.widget.TextView	resetResolvedDrawables	()V	TextView.java
0x6f8	android.widget.TextView	sendOnTextChanged	(Ljava/lang/CharSequence;III)V	TextView.java
0x61c	android.widget.TextView	setCompoundDrawablePadding	(I)V	TextView.java
0x5f8	android.widget.TextView	setCompoundDrawables	(Landroid/graphics/drawable/Drawable;Landroid/graphics/drawable/Drawable;Landroid/graphics/drawable/Drawable;Landroid/graphics/drawable/Drawable;)V	TextView.java
0x5f4	android.widget.TextView	setCompoundDrawablesWithIntrinsicBounds	(Landroid/graphics/drawable/Drawable;Landroid/graphics/drawable/Drawable;Landroid/graphics/drawable/Drawable;Landroid/graphics/drawable/Drawable;)V	TextView.java
0x674	android.widget.TextView	setElegantTextHeight	(Z)V	TextView.java
0x6d4	android.widget.TextView	setFilters	([Landroid/text/InputFilter;)V	TextView.java
0x688	android.widget.TextView	setFontFeatureSettings	(Ljava/lang/String;)V	TextView.java
0x664	android.widget.TextView	setHighlightColor	(I)V	TextView.java
0x658	android.widget.TextView	setHintTextColor	(Landroid/content/res/ColorStateList;)V	TextView.java
0x628	android.widget.TextView	setHorizontallyScrolling	(Z)V	TextView.java
0x67c	android.widget.TextView	setLetterSpacing	(F)V	TextView.java
0x660	android.widget.TextView	setLinkTextColor	(Landroid/content/res/ColorStateList;)V	TextView.java
0x6c8	android.widget.TextView	setShadowLayer	(FFFI)V	TextView.java
0x810	android.widget.TextView	setText	(Ljava/lang/CharSequence;)V	TextView.java
0x6d8	android.widget.TextView	setText	(Ljava/lang/CharSequence;Landroid/widget/TextView$BufferType;)V	TextView.java
0x62c	android.widget.TextView	setTextColor	(Landroid/content/res/ColorStateList;)V	TextView.java
0x69c	android.widget.TextView	setTypeface	(Landroid/graphics/Typeface;)V	TextView.java
0x698	android.graphics.Typeface	create	(Landroid/graphics/Typeface;I)Landroid/graphics/Typeface;	Typeface.java
0x694	android.graphics.Typeface	create	(Ljava/lang/String;I)Landroid/graphics/Typeface;	Typeface.java
0xc	android.os.Debug	startMethodTracing	(Ljava/lang/String;)V	Debug.java
0x8	android.os.Debug	startMethodTracing	(Ljava/lang/String;II)V	Debug.java
0x978	android.os.Debug	stopMethodTracing	()V	Debug.java
0x91c	android.os.StrictMode	clearGatheredViolations	()V	StrictMode.java
0x1c8	android.os.Trace	isTagEnabled	(J)Z	Trace.java
0x1c4	android.os.Trace	traceBegin	(JLjava/lang/String;)V	Trace.java
0x51c	android.os.Trace	traceEnd	(J)V	Trace.java
0x298	android.view.InputEventConsistencyVerifier	isInstrumentationEnabled	()Z	InputEventConsistencyVerifier.java
0x2c0	android.view.RenderNode	<init>	(Ljava/lang/String;Landroid/view/View;)V	RenderNode.java
0x2bc	android.view.RenderNode	create	(Ljava/lang/String;Landroid/view/View;)Landroid/view/RenderNode;	RenderNode.java
0x2c4	android.view.RenderNode	nCreate	(Ljava/lang/String;)J	RenderNode.java
0x18c	android.content.res.StringBlock	<init>	(JZ)V	StringBlock.java
0x1e0	android.content.res.StringBlock	nativeGetSize	(J)I	StringBlock.java
0x158	android.content.res.StringBlock	nativeGetString	(JI)Ljava/lang/String;	StringBlock.java
0x15c	android.content.res.StringBlock	nativeGetStyle	(JI)[I	StringBlock.java
0x184	android.content.res.XmlBlock	<init>	(Landroid/content/res/AssetManager;J)V	XmlBlock.java
0x1bc	android.content.res.XmlBlock	access$008	(Landroid/content/res/XmlBlock;)I	XmlBlock.java
0x7f8	android.content.res.XmlBlock	access$1500	(J)V	XmlBlock.java
0x800	android.content.res.XmlBlock	access$1600	(Landroid/content/res/XmlBlock;)V	XmlBlock.java
0x1a0	android.content.res.XmlBlock	decOpenCountLocked	()V	XmlBlock.java
0x1b4	android.content.res.XmlBlock	nativeCreateParseState	(J)J	XmlBlock.java
0x1a4	android.content.res.XmlBlock	nativeDestroy	(J)V	XmlBlock.java
0x7fc	android.content.res.XmlBlock	nativeDestroyParseState	(J)V	XmlBlock.java
0x1dc	android.content.res.XmlBlock	nativeGetName	(J)I	XmlBlock.java
0x188	android.content.res.XmlBlock	nativeGetStringBlock	(J)J	XmlBlock.java
0x1d4	android.content.res.XmlBlock	nativeNext	(J)I	XmlBlock.java
0x86c	android.os.BinderProxy	<init>	()V	Binder.java
0x884	android.os.BinderProxy	queryLocalInterface	(Ljava/lang/String;)Landroid/os/IInterface;	Binder.java
0x840	android.os.BinderProxy	transact	(ILandroid/os/Parcel;Landroid/os/Parcel;I)Z	Binder.java
0x84c	android.os.BinderProxy	transactNative	(ILandroid/os/Parcel;Landroid/os/Parcel;I)Z	Binder.java
0x250	android.support.v4.app.FragmentController	onCreateView	(Landroid/view/View;Ljava/lang/String;Landroid/content/Context;Landroid/util/AttributeSet;)Landroid/view/View;	FragmentController.java
0x88	android.support.v7.widget.VectorEnabledTintResources	shouldBeUsed	()Z	VectorEnabledTintResources.java
0x8c	android.support.v7.app.AppCompatDelegate	isCompatVectorFromResourcesEnabled	()Z	AppCompatDelegate.java
0x228	android.support.v7.app.AppCompatDelegateImplV11	callActivityOnCreateView	(Landroid/view/View;Ljava/lang/String;Landroid/content/Context;Landroid/util/AttributeSet;)Landroid/view/View;	AppCompatDelegateImplV11.java
0x22c	android.support.v7.app.AppCompatDelegateImplV9	createView	(Landroid/view/View;Ljava/lang/String;Landroid/content/Context;Landroid/util/AttributeSet;)Landroid/view/View;	AppCompatDelegateImplV9.java
0x224	android.support.v7.app.AppCompatDelegateImplV9	onCreateView	(Landroid/view/View;Ljava/lang/String;Landroid/content/Context;Landroid/util/AttributeSet;)Landroid/view/View;	AppCompatDelegateImplV9.java
0x730	android.support.v7.widget.TintTypedArray	<init>	(Landroid/content/Context;Landroid/content/res/TypedArray;)V	TintTypedArray.java
0x75c	android.support.v7.widget.TintTypedArray	obtainStyledAttributes	(Landroid/content/Context;I[I)Landroid/support/v7/widget/TintTypedArray;	TintTypedArray.java
0x72c	android.support.v7.widget.TintTypedArray	obtainStyledAttributes	(Landroid/content/Context;Landroid/util/AttributeSet;[III)Landroid/support/v7/widget/TintTypedArray;	TintTypedArray.java
0x754	android.support.v7.widget.TintTypedArray	getResourceId	(II)I	TintTypedArray.java
0x734	android.support.v7.widget.TintTypedArray	hasValue	(I)Z	TintTypedArray.java
0x73c	android.support.v7.widget.TintTypedArray	recycle	()V	TintTypedArray.java
0x724	android.support.v7.widget.AppCompatDrawableManager	get	()Landroid/support/v7/widget/AppCompatDrawableManager;	AppCompatDrawableManager.java
0x220	android.support.v4.view.LayoutInflaterCompatHC$FactoryWrapperHC	onCreateView	(Landroid/view/View;Ljava/lang/String;Landroid/content/Context;Landroid/util/AttributeSet;)Landroid/view/View;	LayoutInflaterCompatHC.java
0x2a0	android.view.ViewConfigurationInjector	get	(Landroid/content/Context;)Landroid/view/ViewConfiguration;	ViewConfigurationInjector.java
0x2a4	android.view.ViewConfigurationInjector	needMiuiConfiguration	(Landroid/content/Context;)Z	ViewConfigurationInjector.java
0x100	miui.os.Environment	isUsingMiui	(Landroid/content/Context;)Z	SourceFile
0x104	miui.util.AttributeResolver	isUsingMiuiTheme	(Landroid/content/Context;)Z	SourceFile
0x110	miui.util.AttributeResolver	resolveInt	(Landroid/content/Context;II)I	SourceFile
0x114	miui.util.AttributeResolver	v	(Landroid/content/Context;)Landroid/util/TypedValue;	SourceFile
0x138	miui.util.AttributeResolver$ResultCache	<init>	(Landroid/content/Context;Z)V	SourceFile
0x4e8	android.view.ViewGroup$4	<init>	(Landroid/view/ViewGroup;)V	ViewGroup.java
0xfc	android.view.LayoutInflaterMap	getResourceId	(Landroid/content/Context;I)I	LayoutInflaterMap.java
0x76c	android.support.v7.app.AppCompatViewInflater	checkOnClickListener	(Landroid/view/View;Landroid/util/AttributeSet;)V	AppCompatViewInflater.java
0x234	android.support.v7.app.AppCompatViewInflater	themifyContext	(Landroid/content/Context;Landroid/util/AttributeSet;ZZ)Landroid/content/Context;	AppCompatViewInflater.java
0x230	android.support.v7.app.AppCompatViewInflater	createView	(Landroid/view/View;Ljava/lang/String;Landroid/content/Context;Landroid/util/AttributeSet;ZZZZ)Landroid/view/View;	AppCompatViewInflater.java
0x770	android.support.v4.view.ViewCompat	hasOnClickListeners	(Landroid/view/View;)Z	ViewCompat.java
0x774	android.support.v4.view.ViewCompat$ICSMr1ViewCompatImpl	hasOnClickListeners	(Landroid/view/View;)Z	ViewCompat.java
0x538	android.support.v7.widget.TintContextWrapper	shouldWrap	(Landroid/content/Context;)Z	TintContextWrapper.java
0x534	android.support.v7.widget.TintContextWrapper	wrap	(Landroid/content/Context;)Landroid/content/Context;	TintContextWrapper.java
0x720	android.support.v7.widget.AppCompatBackgroundHelper	<init>	(Landroid/view/View;)V	AppCompatBackgroundHelper.java
0x728	android.support.v7.widget.AppCompatBackgroundHelper	loadFromAttributes	(Landroid/util/AttributeSet;I)V	AppCompatBackgroundHelper.java
0x52c	android.support.v7.widget.AppCompatTextView	<init>	(Landroid/content/Context;Landroid/util/AttributeSet;)V	AppCompatTextView.java
0x530	android.support.v7.widget.AppCompatTextView	<init>	(Landroid/content/Context;Landroid/util/AttributeSet;I)V	AppCompatTextView.java
0x588	android.util.TypedValueInjector	miuiScale	(FLandroid/util/DisplayMetrics;)F	TypedValueInjector.java
0x6a0	miui.util.TypefaceUtils	replaceTypeface	(Landroid/content/Context;Landroid/graphics/Typeface;)Landroid/graphics/Typeface;	TypefaceUtils.java
0x6a4	miui.util.TypefaceUtils	usingMiuiFonts	(Landroid/content/Context;)Z	TypefaceUtils.java
0x748	android.support.v7.widget.AppCompatTextHelper	<init>	(Landroid/widget/TextView;)V	AppCompatTextHelper.java
0x740	android.support.v7.widget.AppCompatTextHelper	create	(Landroid/widget/TextView;)Landroid/support/v7/widget/AppCompatTextHelper;	AppCompatTextHelper.java
0x768	android.support.v7.widget.AppCompatTextHelper	applyCompoundDrawablesTints	()V	AppCompatTextHelper.java
0x750	android.support.v7.widget.AppCompatTextHelper	loadFromAttributes	(Landroid/util/AttributeSet;I)V	AppCompatTextHelper.java
0x744	android.support.v7.widget.AppCompatTextHelperV17	<init>	(Landroid/widget/TextView;)V	AppCompatTextHelperV17.java
0x764	android.support.v7.widget.AppCompatTextHelperV17	applyCompoundDrawablesTints	()V	AppCompatTextHelperV17.java
0x74c	android.support.v7.widget.AppCompatTextHelperV17	loadFromAttributes	(Landroid/util/AttributeSet;I)V	AppCompatTextHelperV17.java
0x778	android.support.v4.view.ViewCompatICSMr1	hasOnClickListeners	(Landroid/view/View;)Z	ViewCompatICSMr1.java
0xac	android.content.res.MiuiResources	loadValues	()V	MiuiResources.java
0xa8	android.content.res.MiuiResources	resolveOverlayValue	(ILandroid/util/TypedValue;)V	MiuiResources.java
0xb0	android.content.res.MiuiResources	getThemeInt	(I)Ljava/lang/Integer;	MiuiResources.java
0x5d8	android.content.res.MiuiResources	getThemeString	(I)Ljava/lang/CharSequence;	MiuiResources.java
0x98	android.content.res.MiuiResources	getValue	(ILandroid/util/TypedValue;Z)V	MiuiResources.java
0x334	android.content.res.MiuiResources	isPreloadOverlayed	(I)Z	MiuiResources.java
0x2ec	android.content.res.MiuiResources	loadDrawable	(Landroid/util/TypedValue;ILandroid/content/res/Resources$Theme;)Landroid/graphics/drawable/Drawable;	MiuiResources.java
0x204	android.content.res.MiuiResources	loadOverlayTypedArray	(Landroid/content/res/TypedArray;)Landroid/content/res/TypedArray;	MiuiResources.java
0x398	miui.content.res.ThemeCompatibility	isThemeEnabled	()Z	ThemeCompatibility.java
0x388	miui.content.res.ThemeResources	getSystem	()Lmiui/content/res/ThemeResourcesSystem;	ThemeResources.java
0x3b0	miui.content.res.ThemeResources	getThemeFileWithFallback	(Landroid/content/res/MiuiResources$ThemeFileInfoOption;Ljava/lang/String;Ljava/lang/String;)Z	ThemeResources.java
0x3ac	miui.content.res.ThemeResources	getThemeFileWithPath	(Landroid/content/res/MiuiResources$ThemeFileInfoOption;Ljava/lang/String;)Z	ThemeResources.java
0x37c	miui.content.res.ThemeResources	isAppResourceCookie	(I)Z	ThemeResources.java
0x390	miui.content.res.ThemeResources	isMiuiResourceCookie	(I)Z	ThemeResources.java
0x3a4	miui.content.res.ThemeResources	getThemeFile	(Landroid/content/res/MiuiResources$ThemeFileInfoOption;Ljava/lang/String;)Z	ThemeResources.java
0x3a8	miui.content.res.ThemeResources	getThemeFile	(Landroid/content/res/MiuiResources$ThemeFileInfoOption;Ljava/lang/String;Ljava/lang/String;)Z	ThemeResources.java
0x384	miui.content.res.ThemeZipFile	isValid	()Z	ThemeZipFile.java
0x394	miui.content.res.ThemeResourcesSystem	getThemeFileStreamSystem	(Landroid/content/res/MiuiResources$ThemeFileInfoOption;Ljava/lang/String;)Z	ThemeResourcesSystem.java
0x38c	miui.content.res.ThemeResourcesSystem	getThemeFile	(Landroid/content/res/MiuiResources$ThemeFileInfoOption;Ljava/lang/String;)Z	ThemeResourcesSystem.java
0x5d0	android.content.res.MiuiTypedArray	loadStringValueAt	(I)Ljava/lang/CharSequence;	MiuiTypedArray.java
0x5cc	android.content.res.MiuiTypedArray	getString	(I)Ljava/lang/String;	MiuiTypedArray.java
0x374	android.content.res.MiuiResources$ThemeFileInfoOption	<init>	(ILjava/lang/String;Z)V	MiuiResources.java
0x5e8	android.content.res.ColorStateList$ColorStateListFactory	newInstance	()Landroid/content/res/ColorStateList;	ColorStateList.java
0x5bc	android.content.res.ColorStateList$ColorStateListFactory	newInstance	(Landroid/content/res/Resources;Landroid/content/res/Resources$Theme;)Landroid/content/res/ColorStateList;	ColorStateList.java
0x5e4	android.content.res.ColorStateList$ColorStateListFactory	newInstance	()Ljava/lang/Object;	ColorStateList.java
0x5b8	android.content.res.ColorStateList$ColorStateListFactory	newInstance	(Landroid/content/res/Resources;Landroid/content/res/Resources$Theme;)Ljava/lang/Object;	ColorStateList.java
0x860	android.os.AnrMonitor	canMonitorAnr	()Z	AnrMonitor.java
0x85c	android.os.AnrMonitor	checkBinderCallTime	(J)V	AnrMonitor.java
0x854	android.os.AnrMonitor	isAllowedMonitor	(Landroid/os/BaseLooper;)Z	AnrMonitor.java
0x850	android.os.AnrMonitor	isAllowedMonitorBinderCall	(Landroid/os/BaseLooper;)Z	AnrMonitor.java
0x8f0	android.os.BaseLooper$MessageMonitorInfo	initMessageTime	(J)V	BaseLooper.java
0x380	miui.content.res.ThemeResourcesPackage	loadFrameworkThemeFile	(Landroid/content/res/MiuiResources$ThemeFileInfoOption;)Z	ThemeResourcesPackage.java
0x378	miui.content.res.ThemeResourcesPackage	getThemeFile	(Landroid/content/res/MiuiResources$ThemeFileInfoOption;)Z	ThemeResourcesPackage.java
0x904	org.peace.allinone.ui.MainActivity	do3	()V	MainActivity.java
0x10	org.peace.allinone.ui.MainActivity	doSth	()V	MainActivity.java
0x14	org.peace.allinone.ui.MainActivity	doSth2	()V	MainActivity.java
0x84	android.support.v7.app.AppCompatActivity	getResources	()Landroid/content/res/Resources;	AppCompatActivity.java
0x24c	android.support.v4.app.FragmentActivity	dispatchFragmentsOnCreateView	(Landroid/view/View;Ljava/lang/String;Landroid/content/Context;Landroid/util/AttributeSet;)Landroid/view/View;	FragmentActivity.java
0x244	android.support.v4.app.FragmentActivity	onCreateView	(Landroid/view/View;Ljava/lang/String;Landroid/content/Context;Landroid/util/AttributeSet;)Landroid/view/View;	FragmentActivity.java
0x25c	android.support.v4.app.FragmentActivity	onCreateView	(Ljava/lang/String;Landroid/content/Context;Landroid/util/AttributeSet;)Landroid/view/View;	FragmentActivity.java
0x248	android.support.v4.app.BaseFragmentActivityHoneycomb	onCreateView	(Landroid/view/View;Ljava/lang/String;Landroid/content/Context;Landroid/util/AttributeSet;)Landroid/view/View;	BaseFragmentActivityHoneycomb.java
0x260	android.support.v4.app.BaseFragmentActivityGingerbread	onCreateView	(Ljava/lang/String;Landroid/content/Context;Landroid/util/AttributeSet;)Landroid/view/View;	BaseFragmentActivityGingerbread.java
0x254	android.support.v4.app.FragmentManagerImpl	onCreateView	(Landroid/view/View;Ljava/lang/String;Landroid/content/Context;Landroid/util/AttributeSet;)Landroid/view/View;	FragmentManager.java
0x1c	android.widget.Toast	<init>	(Landroid/content/Context;)V	Toast.java
0x81c	android.widget.Toast	getService	()Landroid/app/INotificationManager;	Toast.java
0x18	android.widget.Toast	makeText	(Landroid/content/Context;Ljava/lang/CharSequence;I)Landroid/widget/Toast;	Toast.java
0x814	android.widget.Toast	show	()V	Toast.java
0x30	android.widget.Toast$TN	<init>	()V	Toast.java
0x8c4	android.widget.Toast$TN	show	()V	Toast.java
0x34	android.app.ITransientNotification$Stub	<init>	()V	ITransientNotification.java
0x898	android.app.ITransientNotification$Stub	asBinder	()Landroid/os/IBinder;	ITransientNotification.java
0x8b8	android.app.ITransientNotification$Stub	onTransact	(ILandroid/os/Parcel;Landroid/os/Parcel;I)Z	ITransientNotification.java
0x44	android.widget.Toast$TN$1	<init>	(Landroid/widget/Toast$TN;)V	Toast.java
0x48	android.widget.Toast$TN$2	<init>	(Landroid/widget/Toast$TN;)V	Toast.java
0x818	android.widget.ToastInjector	interceptBackgroundToast	(Landroid/widget/Toast;Landroid/content/Context;)Z	ToastInjector.java
*end
SLOW   ym$                             ^  ' 	   j  '    t  '      (      (    	  2)    	  Z)     	  d) !   	  l) $     * (   )  * ,   9  *     D  * !   J  * -   U  * )   [  * %   h  * 0   w  * 4     + 8     +       #+ !     (+ <     :+ =     n+ 9     u+ @     }+ A     + 5     + D   ]  +     h  + !   m  + E   r  + H     @,       I, !     N, I     S, L     e, P     o,       w, !     |, Q     , T     ,       , !   "  , U   '  , M   3  , X   =  , \   D  ,     N  , !   S  , `   Y  , d   e  , h   t  , i     - l     - m     - p     &- q     /- t     7- u     =- e     N- a     U- ]     ^- Y     c- x     o- |     -    
  -      - }     - y      - 1   &  -    /  -    :  -    C  -    J  -    P  -    Y  -    f  -    l  -    {  -      
.      .      #.      @.      .      .      .      .      .    ;  .    C  .    K  .    R  .    m  .    w  .      /       / !     /      /      )/      //      7/      N/      h/      o/      u/      ~/       /      /      /      /    %  /    *  /    2  /    9  /    ?  /     D  / !   I  /    N  /    S  /    X  /    _  /    e  /    j  /    p  /    u  /    {  /      0      
0      0      0      0      #0      -0      70      >0      L0      S0      X0      a0      h0      n0      s0      y0      0      0      0      0      0      0    #  0    1  0    z  0      1      1      1      1      1      %1      *1      01      71      >1      D1       J1 !     O1      T1      Z1      _1      e1      j1      p1      u1      {1      1      1    	  1      1      1      1    !  1    (  1    0  1    5  1     ;  1 !   @  1    E  1    J  1    O  1    U  1    [  1    `  1    f  1    k  1    q  1    v  1    |  1      2      
2      2      2      2      .2      =2      H2      R2      ]2      e2      l2      s2      z2      2      2      2      2      2    !  2    (  2    0  2    6  2    <  2    A  2    F  2    M  2    S  2    X  2    ^  2    c  2    k  2    t  2     3     3     '3     83 	    ?3     P3     Z3     b3     q3      3 !    3     3     3 $    3 %    3 h   +  3 i   6  3   >  3 (  E  3 )  N  3 ,  \  3 0  t  3 4    
4 5    4 1    4 -    $4     )4 8    24       :4 !     ?4 <    F4 ,     M4       R4 !     W4 -     ]4 =    c4 9    i4     o4     u4      z4 @    4 D  	  4      4      4      4    *  4    P  4 H  c  4 L  t  4 P  |   5 T    
5 U    5 Q    5 M    5 X    05 Y    G5 \    U5 ]    c5 `    n5 T    x5 U    5 d    5 h  $  5 l  6  5 m  D  5 i  K  5 e  Q  5 p  Z  5 t  k  5 u  y  5 q    6 a    6 I    6      6      6      "6      (6      -6      46      96 x    ?6 |    J6     Z6     B7 $     P7 (     X7 ,     ]7       b7 !     f7 -     k7 )     o7 %     w7     7       7 !     7 $   %  7 (   A  7 ,   G  7     M  7 !   R  7 -   X  7 )   ]  7 %   f  7   y  7     
8     8       8 !     8     &8     +8     18     D8     P8     W8     f8     n8 }    s8     }8     8     8   (  8   1  8   ?  8   J  8   P  8   X  8   a  8   i  8   o  8   t  8   z  8     9 $     9 (     %9 ,     *9       09 !     59 -     ;9 )     @9 %     H9     Y9     d9     k9       u9 !     y9     9     9     9     9 y    9 E    9 A    9   !  9   0  9   6  9   H  9   N  9   V  9   ^  9   h  9   o  9   u  9     :     :     :     #:     3:     >: H    G:     U:     a: X    t: Y    : \    : ]    : I  &  :    -  :    2  :   7  :    ?  :    F  :   N  :   W  :    `  :    h  :   p  : (  w  : )  }   ;     ;     ;     !;     0;     :;     @;     I;      \;     ;     ;      ;    !  ;   *  ; 	  3  ;   8  ;   >  ;   B  ;   J  ;   R  ;   Y  ;   c  ;   j  ;   r  ;   {  ;     <     <     <      <       <      *< $    :< (    D< )    K< ,    T<      a<      g<      l<      r< 0    z< 4    < 8    < (    < )    <     <   $  <   +  <   2  <   9  <   ?  <   F  <    W  <   y  <     =      =      =     = 	     =     %=     *= 9    /=     [=     c=     s=     |=      =     =     =     =     =      = 5  &  = <  -  = @  ?  = A  J  = @  Y  = A  b  = @  q  = A  z  = @    > A    > @    #> A    ,> @    ;> A    D> @    R> A    [> @    j> A    r> @    > A    > @    > A    > @  ,  > A  5  > @  D  > A  M  > =  U  > 1  \  > -  b  > %  g  > !  l  > D  u  > H    ? L    ? P    ? T    (?      0?      8? U    =? Q    C? M    G? X    P?      Y?      `? \    h? `    p? L    x? P    ? T     ?       ?       ? U     ? Q     ? M     ? d  '   ? e  -   ? a  3   ? ]  7   ? Y  <   ? I  A   ? E  F   ? h  O   ? l  `   ? m  m   ? i  t   ? p  {   ? t     @ x     @       #@       *@ <     0@ =     6@       <@       B@       G@       Q@ <     Y@ =     _@ <     d@ =     j@ @     w@ A     @ @  !  @ A  !  @ @  !  @ A  &!  @ @  1!  @ A  ;!  @ @  G!  @ A  O!  @ @  [!  @ A  d!  @ @  p!  @ A  y!  @ @  !  A A  !  A @  !  A A  !  %A @  !  0A A  !  9A @  !  EA A  !  NA @  !  ZA A  !  cA @  !  oA A  !  wA @  !  A A  "  A @  "  A A  "  A @  ("  A A  2"  A @  ="  A A  F"  A @  Q"  A A  ["  A @  f"  A A  o"  A @  {"  A A  "  B @  "  B A  "  B @  "  'B A  "  0B @  "  <B A  "  EB @  "  PB A  "  wB    "  ~B    #  B   
#  B   #  B   #  B   #  B |  *#  B   G#  B   R#  B   Y#  B   b#  B   n#  B   u#  B     #  C !   #  C   #  &C   #  .C    #  6C    #  <C    #  AC    #  FC    #  KC    #  PC    #  UC    #  YC   #  cC   #  kC    #  qC   #  uC   $  C   $  C   !$  C 	  '$  C   -$  C   2$  C   7$  C   >$  C    E$  C   I$  C   O$  C   ]$  C   i$  C 	  o$  C   u$  C   y$  C   ~$   D    $  D    $  D    $  D    $  D    $  D    $   D    $  %D    $  *D   $  0D   $  7D L  $  AD P  $  FD T  $  LD U  $  RD Q  $  WD M  $  \D   $  aD   $  gD   $  nD   $  {D   $  D   %  D   %  D   %  D   %  D   ,%  D $   :%  D (   C%  D ,   H%  D     N%  D !   R%  D -   Y%  D )   ^%  D %   h%  D   s%  D     {%  D !   %  E   %  E   %  CE   %  PE   %  VE   %  ]E 8  %  mE (  %  tE )  %  zE   %  E   &  E   
&  E   &  E   &  E   &  E   &&  E    8&  E   u&  E   &  F    &  	F    &  F   &  F 	  &  F   &  !F   &  &F 9  &  +F   &  7F   &  BF   &  LF   &  SF   &  XF   &  ]F   &  kF   &  tF   &  {F    '  F   '  F   '  F   '  F   !'  F   ''  F   -'  F   3'  F   ;'  F   D'  F   M'  F H  U'  F L  ]'  F P  c'  F T  j'  F U  r'  F Q  y'  F M  ~'  G I  '  G   '  G   '  G   '  G   '  )G   '  2G   '  8G   '  >G   '  KG   '  TG    '  \G   '  dG   '  jG   '  tG   '  |G   (  G   (  G   (  G T  /(  G U  6(  G   >(  G   G(  G   M(  G   S(  G   X(  G   ^(  G   c(  G   i(  G   n(  G   x(  G   ~(  H   (  H 	  (  H   (  H   (  H    (  "H $  (  *H %  (  1H !  (  7H   (  <H (  (  CH )  (  LH   (  RH   (  YH ,  (  aH 0  (  qH 1  (  yH   (  H    )  H $  	)  H %  )  H !  )  H   )  H 4  ,)  H L  7)  H P  >)  H T  D)  H U  J)  H Q  O)  H M  T)  H 8  c)  H 9  p)  H L  z)  H P  )  I T  )  	I U  )  I Q  )  I M  )  #I <  )  3I @  )  =I D  )  MI H  )  UI L  )  gI P  )  vI     )  |I !   )  I Q  *  I M  *  I I  *  I E  *  I A  *  I T  #*  I X  **  I \  3*  I `  :*  I d  B*  I     G*  I !   L*  I e  U*  I a  Z*  I ]  ^*  I Y  b*  I U  g*  I =  l*  I h  s*  I i  y*  I l  *  J p  *  J q  *  J m  *  J t  *  !J     *  'J !   *  ,J u  *  2J x  *  HJ |  *  VJ }  *  ]J   *  dJ   *  pJ   *  xJ   *  ~J   +  J   +  J   +  J   +  J    +  J   '+  J   .+  J   7+  J   @+  J @  P+  J A  \+  J @  j+  J A  u+  J   |+  J   +  K   +  K   +  K @  +  "K A  +  -K @  +  <K A  +  GK   +  NK   +  SK   +  [K   +  dK   +  mK   +  K   ,  K   ,  K   ,  K   ,  K   ,  K   #,  K   ),  K   0,  K   8,  K @  P,  K A  ],  K @  l,  K A  w,  K   ~,  L   ,  L   ,  L   ,  L @  ,  %L A  ,  0L @  ,  @L A  ,  JL   ,  QL   ,  VL   ,  ]L   ,  cL   ,  hL   ,  nL   ,  tL   ,  yL   ,  L   -  L   
-  L   -  L   -  L   -  L   -  L   $-  L   )-  L   /-  L   4-  L   9-  L   >-  L   C-  L   H-  L   M-  L y  R-  L   ^-  L   f-  L h  m-  L i  r-  L `  z-  L T  -  M U  -  	M d  -  M h  -  M i  -   M e  -  %M p  -  -M t  -  =M u  -  IM q  -  PM a  -  XM   -  _M   -  hM 5  -  mM -  -  sM    .  M   .  M   .  M   (.  M     0.  M !   6.  M   D.  M   S.  M   \.  M   b.  M   r.  M     z.  M !   .  N   .  N   .  N   .  &N   .  -N   .  5N   .  GN   .  TN   .  ]N   .  lN   .  vN   .  {N   .  N   /  N   /  N   /  N   /  N   !/  N   (/  N   0/  N   6/  N   ;/  N   @/  N   Y/  N   _/  N   d/  N   k/  N    t/  N   /   O   /  %O   /  .O   /  5O   /  <O   /  EO   /  LO   /  SO   /  YO   /  _O   /  gO   /  lO   /  rO   /  |O (   0  O    
0  O     0  O !   0  O $  %0  O (  .0  O )  60  O ,  J0  O -  `0  O %  h0  O 0  o0  O (  v0  O )  |0  O ,  0  P -  0   P 1  0  (P !  0  /P )  0  5P <  0  =P ,   0  BP     0  GP !   0  KP -   0  QP =  0  UP 4  0  `P $  0  gP %  0  lP 8  0  tP <  0  }P =   1  P 9  1  P p  1  P t  1  P u  '1  P q  -1  P 5  41  P   91  P 	  ?1  P   D1  P   J1  P   N1  P   R1  P   W1  P   ^1  P   c1  P   i1  P   o1  P   u1  P   z1  P @  1  	Q D  1  Q H  1  Q I  1  &Q d   1  .Q h   1  =Q i   1  IQ l   1  QQ m   1  VQ p   1  [Q q   1  `Q t   1  eQ u   1  jQ e   1  oQ L  1  wQ M  1  Q P  2  Q T  2  Q U  2  Q   2  Q   2  Q   %2  Q   *2  Q   .2  Q   22  Q Q  82  Q X  ?2  Q Y  F2  Q \  M2  Q `  S2  Q d  Z2  Q e  `2  Q a  e2  Q h  p2  Q i  y2  Q ]  2  R l  2  R m  2  R p  2  R q  2  R t  2  'R x  2  2R |  2  >R }  2  FR   2  PR   2  [R   2  `R   2  fR   2  pR   2  zR   2  R   3  R   3  R   3  R   3  R   3  R   &3  R   ,3  R   33  R   <3  R   D3  R   L3  R   U3  R   \3  R   b3  R   g3  R   m3  R   r3  R   x3  R   }3   S y  3  S u  3  S   3  S <  3  S ,   3  $S     3  )S !   3  .S -   3  4S =  3  9S   3  ?S   3  ES   3  MS   3  YS   3  _S   3  gS   3  yS   3  S   4  S   4  S   4  S H  4  S   #4  S   ,4  S   34  S   C4  S   O4  S   m4  S   ~4  T   4  T   4  T   4  T I  4  T |  4  #T }  4  *T   4  1T   4  8T   4  >T   4  DT   4  LT   4  QT   4  WT   4  \T E  4  bT A  4  gT   4  oT T  4  vT U  4  |T   4  T   5  T   5  T   5  T   5  T   5  T   #5  T   *5  T   05  T   55  T   ;5  T   ?5  T   D5  T   S5  T   b5  T   i5  T   n5  T t  z5  T x  5  U y  5  U u  5  U   5  U   5  !U   5  (U   5  .U   5  6U   5  >U   5  DU   5  JU H  5  QU   5  XU   5  ^U   5  dU   5  kU   5  pU   5  U   6  U   6  U   6  U   6  U I  !6  U   '6  U   46  U     >6  U !   C6  U   H6  U   O6  U   W6  U   _6  U   o6  U   x6  U   6  V   6  	V   6  V   6  V   6  V   6  V   6  'V |  6  4V }  6  <V   6  BV   6  IV   6  OV   6  UV   6  \V   6  bV   6  hV   6  mV   6  sV   6  }V    7  V   7  V   7  V   7  V   7  V   %7  V   /7  V   97  V    ?7  V 8  I7  V (  O7  V )  T7  V   Z7  V   a7  V   g7  V   n7  V   u7  V   {7  V   7  W    7  W   7  >W   7  HW    7  OW    7  VW   7  ^W 	  7  cW   7  iW   7  nW 9  7  sW   7  yW   7  W   8  W   
8  W   8  W   8  W   8  W   '8  W   -8  W   28  W   78  W   <8  W 8  S8  W (  [8  W )  a8  W   g8  W   n8  W   t8  W   {8  W   8  X   8  X   8  X    8  %X   8  IX   8  RX    8  YX    8  _X   8  fX 	  8  lX   8  qX   8  vX 9  8  {X   8  X   9  X   9  X |   9  X }  (9  X 	  -9  X   39  X   :9  X   @9  X   G9  X   N9  X   U9  X   \9  X   a9  X   g9  X   m9  X   s9  X   z9  X   9  Y   9  Y   9  Y   9  Y   9  Y   9  !Y   9  'Y   9  0Y   9  7Y   9  ?Y   9  EY   9  KY   9  SY   9  [Y   9  aY   9  fY   9  kY   9  pY   9  uY }  :  Y   :  Y   :  Y   :  Y   #:  Y y  (:  Y u  -:  Y q  2:  Y   ::  Y   @:  Y    G:  Y T  M:  Y U  S:  Y $  Z:  Y (  b:  Y )  j:  Y   p:  Y   :  Z   :  Z   :  Z   :  Z   :  ,Z   :  6Z H  :  ?Z X  :  NZ Y  :  aZ \  :  nZ ]  :  zZ I   ;  Z    ;  Z    ;  Z   ;  Z    ;  Z     ;  Z    ';  Z    -;  Z    5;  Z    ;;  Z    B;  Z    H;  Z   N;  Z   T;  Z    Z;  Z    a;  Z   h;  Z (  o;  Z )  u;  Z   {;  Z   ;  [   ;  [   ;  [   ;  [   ;   [   ;  '[    ;  8[   ;  X[   ;  a[    ;  h[    ;  n[   ;  u[ 	  ;  z[   ;  [   <  [   <  [   <  [   <  [   <  [   "<  [   )<  [   .<  [   6<  [   ><  [   D<  [   I<  [    P<  [    W<  [    _<  [ $  g<  [ (  m<  [ )  r<  [ ,  x<  [    <  \    <  
\    <  \    <  \ 0  <  \ 4  <  !\ 8  <  '\ (  <  -\ )  <  3\   <  9\   <  @\   <  F\   <  L\   <  T\   <  Z\   <  a\    <  r\   =  \   =  \     =  \    &=  \   -=  \ 	  3=  \   8=  \   ==  \ 9  B=  \   J=  \   Q=  \   W=  \   _=  \   f=  \   k=  \   s=  \   {=  \   =  ]   =  	] 5  =  ] <  =  ] @  =  $] A  =  -] @  =  <] A  =  E] @  =  R] A  =  [] @  =  h] A  =  q] @  =  ] A  >  ] @  >  ] A  >  ] @  (>  ] A  2>  ] @  ?>  ] A  I>  ] =  P>  ]    c>  ] <  l>  ] =  q>  ] <  v>  ] =  {>  ] @  >  
^ A  >  ^ @  >  ^ A  >  (^ @  >  5^ A  >  =^ @  >  J^ A  >  R^ @  >  _^ A  >  g^ @  >  t^ A  >  }^ @  ?  ^ A  ?  ^ @  ?  ^ A  '?  ^ @  5?  ^ A  >?  ^ @  K?  ^ A  T?  ^ @  b?  ^ A  k?  ^ @  y?  ^ A  ?  _ @  ?  _ A  ?  _ @  ?  )_ A  ?  3_ @  ?  @_ A  ?  I_ @  ?  W_ A  ?  `_    ?  g_ ,  ?  s_ 0  ?  |_ 4  @  _ 8  @  _    1@  _    9@  _    ?@  _    D@  _    J@  _    P@  _    V@  _    [@  _    b@  _    h@  _    n@  _    s@  _    x@  _    ~@  `    @  `    @  `    @  `    @  `    @  `    @  #` 9  @  (` 5  @  .` <  @  =` @  @  F`   @  M`   @  R`     @  Y` !   @  ^`   @  l`   @  r`    @  z`    @  `    A  `    	A  `    A  `    A  `    A  `    A  `   &A  `   -A  `    2A  `   8A  `   @A  `   NA  `   ZA  ` 	  aA  `   gA  `   lA  `   rA  `   xA  `    ~A  a   A  a   A  a   A  a   A  &a 	  A  -a   A  3a   A  8a   A  =a    A  Da    A  Ja    A  Oa    A  Ua    A  Za    A  `a    A  fa    A  ka   A  qa   A  wa L  A  a P  B  a T  
B  a U  B  a Q  B  a M  B  a   "B  a   (B  a   -B  a   4B  a   :B  a   AB  a   FB  a   LB  a   RB  a   XB  a $   dB  a (   mB  a ,   rB  a     wB  a !   }B   b -   B  b )   B  b %   B  b   B  b     B  $b !   B  )b   B  7b   B  Sb   B  \b   B  ab   B  hb 8  B  pb (  B  ub )  B  {b   B  b   C  b   C  b   C  b   C  b   C  b   'C  b    7C  b   mC  b   xC  b    C  c    C  c   C  c 	  C  c   C  c   C  c 9  C  $c   C  .c   C  5c   C  ;c   C  @c   C  Ec   C  Jc   C  Qc   C  Xc   C  ^c   C  dc   C  jc   C  pc   C  wc   C  |c   C  c   D  c   D  c   D  c   D  c   D  c   %D  c   +D  c   1D  c   7D  c   ?D  c T  FD  c U  KD  c   QD  c   WD  c   ^D  c   cD  c   hD  c   mD  c   sD  c   yD  c   D  d   D  d   D  d   D  d   D  d   D  d   D  "d   D  'd   D  -d x  D  8d y  D  @d   D  Gd   D  Od   D  Vd   D  [d   D  cd   D  kd   D  qd   D  vd H  D  }d I  E  d   E  d D  E  d E  #E  d H  5E  d I  >E  d L  ZE  d M  cE  d P  jE  d Q  pE  d $   |E  d (   E  e ,   E  e     E  e !   E  e -   E  e )   E  #e %   E  -e T  E  >e X  E  Ge     E  Ne !   E  Se \  E  le ]  E  }e `  F  e a  +F  e d  =F  e h  JF  e i  WF  e e  ^F  e l  eF  e p  tF  e q  }F   f t  F  	f u  F  f x  F  f y  F  9f m  F  @f Y  F  Ff U  F  Lf   F  Uf   F  Zf |  F  ef }  F  of $   F  {f (   G  f ,   G  f     G  f !   G  f -   G  f )   G  f %   %G  f X  0G  f     5G  f !   :G  f \  IG  f ]  XG  f `  iG  f a  zG  f d  G  g h  G  g i  G  g e  G  g l  G  g p  G  $g q  G  *g t  G  1g u  G  7g x  G  Dg y  G  Xg m  G  _g Y  G  eg |  G  ng }  G  ug    H  g   H  g (  H  g )  H  g   $H  g   +H  g   2H  g   9H  g   @H  g   FH  g   NH  g    ^H  g   H  h   H  h    H  h    H  h   H  &h 	  H  +h   H  1h   H  6h   H  =h   H  Dh   H  Jh   H  Rh   H  Yh   H  ^h   H  fh   H  nh   H  th   H  yh   H  h   I  h   I  h   I  h   I  h   "I  h   (I  h    7I  h   gI  h   qI  h    xI  h    ~I  i   I  i 	  I  i   I  i   I  i   I  i   I  %i   I  +i   I  1i   I  @i    I  Ii    I  Oi    I  Vi    I  \i   I  ci   J  i    J  i    J  i   J  i   J  i   $J  i   )J  i   /J  i   5J  i   :J  i   @J  i   GJ  i   OJ  i   UJ  i   _J  i    eJ  i $  kJ  i %  sJ  i !  xJ  i   |J  i   J  j   J  j T  J  j U  J   j   J  $j   J  1j   J  8j   J  ?j   J  Ej   J  Lj   J  Zj   J  fj 	  J  lj   J  tj   J  yj   J  j   K  j   K  j 	  K  j    K  j   &K  j   ,K  j   7K  j   CK  j 	  JK  j   QK  j   WK  j   ^K  j   kK  j   vK  j 	  }K   k   K  	k   K  k   K  k   K  "k   K  .k 	  K  4k   K  <k   K  Bk   K  Ik   K  Vk   K  ak 	  K  hk   K  pk   K  vk   K  }k   L  k   L  k 	  L  k   !L  k   'L  k   .L  k   :L  k   FL  k 	  LL  k   TL  k   [L  k   bL  k   mL  k   zL  k 	  L  l   L  l     L  l !   L  l   L  %l   L  0l   L  7l   L  >l   L  Cl <  L  Ll ,   L  Ql     L  Wl !   L  [l -   L  bl =  L  gl `  L  ml T  L  tl U  L  {l d  M  l h  	M  l i  M  l e  M  l p  M  l t  -M  l u  8M  l q  ?M  l a  GM  l   MM  l   SM  l   YM  l   aM  l   gM  l   mM  l   wM  l   M  m   M  	m H  M  m L  M  m P  M  m T  M  %m U  M  ,m Q  M  3m M  M  8m I  M  @m   M  Em   M  Jm   M  Pm   M  Wm   M  am   M  im    M  om   M  um   M  {m   M  m   N  m   
N  m   N  m   N  m T  N  m U  "N  m   )N  m   /N  m   5N  m   :N  m   ?N  m   EN  m   JN  m   PN  m   UN  m   ^N  m   cN  m   hN  m 	  oN  m   uN  m   |N  m    N  n $  N  n %  N  n !  N  n   N  n   N  %n   N  3n   N  ?n 	  N  Fn   N  Ln   N  Vn   N  `n   N  in   N  pn   N  vn   N  |n   N  n   O  n   O  n   O  n   O  n   O  n    O  n   'O  n   -O  n   3O  n   :O  n   BO  n   IO  n H  PO  n L  XO  n P  ^O  n T  eO  n U  mO  n Q  tO  n M  yO  n I  O  o   O  o   O  o   O  o   O  o   O  #o   O  )o    O  /o   O  6o   O  <o   O  Bo   O  Ho   O  Mo   O  So   O  Xo T  O  _o U  O  eo   O  ko   O  qo   O  wo   O  |o   O  o   P  o   	P  o   P  o   P  o   P  o   #P  o   (P  o 	  .P  o   4P  o   :P  o    ?P  o $  FP  o %  MP  o !  SP  o   YP  o   `P  o   mP  o   yP  o 	  P  p   P  	p   P  p   P  p   P  p   P  "p   P  (p   P  -p   P  2p   P  7p   P  <p   P  Ap   P  Gp   P  Mp   P  Tp   P  Yp   P  _p   P  hp   P  pp   P  yp    P  p $  Q  p %  
Q  p !  Q  p   Q  p   Q  p   #Q  p T  )Q  p U  0Q  p   4Q  p   :Q  p   ?Q  p   EQ  p   QQ  p   \Q  p 	  bQ  p   hQ  p   nQ  p   sQ  p   zQ  p   Q  q   Q  q   Q  q   Q  q   Q  q   Q  #q    Q  *q    Q  /q    Q  Bq    Q  Jq    Q  Pq    Q  Uq    Q  Zq    Q  _q    Q  eq    Q  jq    Q  nq    Q  tq   Q  yq   Q  ~q   R  q   	R  q   R  q H  R  q L  R  q P  !R  q T  'R  q U  .R  q Q  2R  q M  7R  q X  DR  q Y  `R  q \  oR  q ]  yR  q `  R  r T  R  
r U  R  r d  R  r h  R  $r i  R  +r e  R  0r p  R  7r t  R  Fr u  R  Qr q  R  Xr a  R  _r I  R  er   R  kr   R  qr    R  wr    R  |r   R  r   S  r   S  r   S  r   S  r    S  r   (S  r   0S  r   5S  r   ;S  r   AS  r   IS  r   SS  r   ZS  r   `S  r   gS  r   oS  r   tS  r   |S  r    S  s   S  Ts   S  ^s    S  es    S  ks   S  rs 	  S  xs   S  }s    T  s   T  s   T  s   T  s   T  s    T  s   &T  s   -T  s   3T  s   ;T  s   BT  s   KT  s    QT  s $  WT  s %  _T  s !  fT  s   lT  s   tT  s   }T   t   T  t   T  t   T  t   T  t   T   t   T  &t   T  ,t   T  3t   T  <t   T  Bt H  T  It L  T  Qt P  T  Wt T  T  ]t U  T  et Q  T  lt M  T  qt I  T  wt   T  }t   T  t   U  t   U  t   U  t   U  t     U  t   'U  t   ,U  t   3U  t   8U  t   >U  t   DU  t   IU  t T  PU  t U  VU  t   \U  t   bU  t   hU  t   mU  t   sU  t   xU  t   }U   u   U  u   U  u   U  u   U  u   U  u 	  U  %u   U  +u   U  1u    U  7u $  U  =u %  U  Du !  U  Ju   U  Ou   U  Vu   U  du   U  pu 	  U  wu   U  }u   V  u   V  u   V  u   V  u   V  u   V  u   #V  u   'V  u   ,V  u   2V  u   8V  u   =V  u   BV  u   IV  u   OV  u   UV  u   [V  u   cV  u   jV  u H  pV  u L  xV  u P  }V  v T  V  v U  V  v Q  V  v M  V  v I  V  !v   V  &v   V  +v   V  1v   V  9v   V  Bv   V  Gv    V  Nv   V  Tv   V  Yv   V  _v   V  ev   V  jv   V  pv   V  uv T  V  |v U  V  v   W  v   W  v   W  v   W  v   W  v   "W  v   'W  v   ,W  v   2W  v   ;W  v   @W  v   EW  v 	  KW  v   QW  v   XW  v    ]W  v $  dW  v %  jW  v !  qW  v   vW  v   }W   w   W  w   W  w 	  W   w   W  &w   W  .w   W  4w   W  :w   W  ?w   W  Ew   W  Jw   W  Ow   W  Tw   W  Yw   W  ^w   W  cw   W  kw   W  qw   W  ww   W  }w   X  w   
X  w   X  w    X  w $  X  w %  &X  w !  ,X  w   1X  w   9X  w   @X  w T  GX  w U  NX  w   SX  w   YX  w   _X  w   fX  w   sX  w   X  x 	  X  	x   X  x   X  x   X  x   X  #x   X  )x   X  0x   X  7x   X  =x   X  Cx   X  Ix   X  Zx   X  gx   X  nx   X  ux   X  {x   X  x   Y  x   Y  x   Y  x   Y  x   Y  x   %Y  x   +Y  x   1Y  x   7Y  x   >Y  x   DY  x   KY  x   PY  x   ^Y  x   dY  x   kY  x   qY  x   wY  x   }Y   y   Y  y   Y  y   Y  y   Y  y   Y  y   Y  %y   Y  ,y   Y  2y   Y  9y   Y  ?y   Y  Fy   Y  Ly   Y  Ry   Y  Xy   Y  _y   Y  gy   Y  ny   Y  sy   Y  |y   Z  y   Z  y   Z  y   Z  y   %Z  y   6Z  y   >Z  y   NZ  y    VZ  y L  ]Z  y M  cZ  y   iZ  y   nZ  y   vZ  y   }Z   z 	  Z  z   Z  z   Z  z   Z  z   Z  !z   Z  (z   Z  -z   Z  4z   Z  <z   Z  Bz   Z  Hz   Z  Pz   Z  Vz   Z  _z   Z  ez   Z  jz   Z  oz   Z  tz |  Z  yz }  Z  z   [  z   [  z   [  z   [  z   &[  z   .[  z   4[  z   <[  z   B[  z   H[  z   P[  z   V[  z   [[  z   a[  z   f[  z |  k[  z }  s[  z   x[  z    ~[  { !  [  { $  [  { (  [  { )  [  { %  [  #{ ,  [  +{ 0  [  8{ 4  [  @{ 8  [  c{ <  [  n{ @  [  x{ A  [  { D  \  { E  	\  { H  \  { I  \  { h  &\  { i  -\  { =  3\  { L  ;\  { h  C\  { i  J\  { M  P\  {   V\  {   \\  { 9  a\  { 5  i\  { P  p\  { T  y\  { U  \  | Q  \  
|   \  |   \  |   \   |   \  '|   \  ,|   \  4|   \  :|   \  @|   \  E|   \  J| 1  \  O| -  \  T| X  \  Z| 0  \  c| 4  \  i| 5  \  o| P  \  u| T  \  }| U  \  | Q  ]  | 4  ]  | 5  ]  | P  ]  | T   ]  | U  ']  | T  .]  | U  4]  | Q  9]  | \  B]  | ]  J]  |   Q]  |   W]  |   _]  |   e]  |   k]  |   s]  |   y]  |   ~]  }   ]  }   ]  } 1  ]  } Y  ]  } `  ]  } 0  ]  #} 4  ]  )} 5  ]  /} P  ]  5} T  ]  =} U  ]  C} Q  ]  H} 4  ]  P} 5  ]  V} P  ]  \} T  ]  c} U  ]  h} Q  ]  n} 4  ]  v} 5  ]  }} P  ]  } T  ^  } U  ^  } T  ^  } U  ^  } Q  ^  }   &^  }   ,^  }   3^  }   9^  }   ?^  }   F^  }   L^  }   R^  }   W^  }   \^  } 1  a^  } a  f^  } d  m^  }   u^  }   {^  }   ^  ~   ^  ~   ^  ~   ^  ~   ^  ~   ^  %~   ^  *~   ^  /~ e  ^  4~ h  ^  :~ l  ^  U~ m  ^  j~ p  ^  ~ q  _  ~ i  _  ~ t  _  ~ x  1_  ~ y  E_  ~ u  L_  ~ |  T_  ~   \_  ~   q_  ~   }_     _   }  _     _     _     _  $   _  *   _  2   _  A    _  L    _  R <  _  X @  _  h A  _  r @  _   A  `   @  `   A  `   @  .`   A  7`   =  @`      G`      M`      R`      \`   <  d`   =  j`   <  o`   =  u`   @  `   A  `   @  `   A  `  & @  `  4 A  `  = @  `  K A  `  T @  `  b A  `  k @  `  y A  `   @  a   A  a   @  #a   A  -a      4a      :a     Ba     La     Qa     Xa   T  _a   U  da     la     sa      a  +   a  2   a  :   a  I   a  V 	  a  \   a  b   a  g   a  r   a  |   b     b     b     b     b     'b      /b   <  6b   =  <b      Bb      Hb      Mb     Tb     Yb     ^b     db     lb     tb     {b     b     b     b  #   b  )   b  .   b  6   b  ?   b  P   b  v   b  |   c     c     c     c     c     $c     *c     0c     5c     :c     ?c     Fc     Qc     Yc     ac     hc     oc     uc     |c     c     c  ( \  c  4 ]  c  9 \  c  @ ]  c  E   c  L   c  U   c  ]   c  c   c  i   c  n   c  }   d   |   d      d      d   }   d   \  'd   ]  -d     5d     >d     Ed     Kd      Rd     Zd     bd     hd     nd     sd     xd     ~d     d     d   8  d   (  d   )  d      d  &   d  ,   d  3   d  ;   d  B   d  H   d  O    d  _   
e     e      e      e     &e   	  +e     /e     4e   9  8e     @e     Ee     Le     Re     Xe   	  `e     fe     ke     qe     ve     |e     e     e  
   e     e     e     e     e  $   e  )   e  .   e  4   e  ;   e  A   e  F   e  M   e  T   e  X   e  ]   e  c   e  k   e  r   e  x   e  }   e     f     f     f     f     f     f     $f     ,f     1f     6f     <f     Af     Gf     Lf     Sf     Yf     _f     gf     nf     vf     |f     f     f  
   f     f     f     f  !   f  &   f  -   f  4   f  :   f  B   f  G   f  L   f  R   f  W   f  ]   f  b   f  i   f  o   f  v   f     g     g     g     g     g     %g     *g      1g     7g     ?g     Dg     Jg     Og     Tg     Zg     _g   A  dg   =  ig      sg       |g   !   g   $  g   %  g   !  g   (  g  % T  g  / U  g  5 ,  g  > 8  g  G (  g  M )  g  S   g  Y   g  _   g  f   g  m   g  u   g  z   g      h     3h     =h      Dh      Jh     Qh   	  Vh     \h     ah   9  fh   0  nh       uh   !   zh   1  h   -  h  	 4  h   8  h  # 9  h  - 5  h  3 4  h  : 8  h  @ 9  h  F 5  h  J 4  h  Q 8  h  W 9  h  ] 5  h  a <  h  i   h  p   h  y   h     i     
i     i     i     i   =  "i   )  'i   @  /i   D  ;i   H  Bi       Ji   !   Oi   I  Ui   E  [i   A  _i   L  hi   P  oi   T  xi   U  ~i   $  i   %  i   ,  i   8  i   (  i  # )  i  )   i  /   i  7   i  =   i  D   i  K   i  Q   i  X    i  j   j     j      j      "j     )j   	  /j     4j     9j   9  ?j   0  Ej       Kj   !   Pj   1  Vj   -  [j   T  bj     kj     qj   U  wj   4  ~j   8  j   9  j   5  j   4  j   8  j   9  j  $ 5  j  ) 4  j  / 8  j  5 9  j  ; 5  j  @ 4  j  F 8  j  L 9  j  R 5  j  W <  j  \   j  b   j  j   j  p   j  v   j  ~   k     	k     k   =  k   X  k   Y  #k   \  ,k   `  5k   (  <k   )  Ck     Ik     Pk     Vk     \k     dk     ik     qk      k     k  *   k  3    k  :    k  @   k  G 	  k  L   k  R   k  W a  k  \ 0  k  b     k  h !   k  m 1  k  s ]  k  x 4  k   8  l   9  	l   5  l   <  l     l     "l     )l     .l     6l     >l     Dl     Il   =  Ol   ,  Vl   8  ^l   (  cl   )  il     ol     vl     |l     l     l     l     l      l  ,   l  R   l  \    l  c    l  i   l  p 	  l  u   l  {   l   9  m   0  	m       m   !   m   1  m   -  m   4  $m   8  +m   9  1m   5  6m   <  =m     Bm     Km     Qm     Wm     _m     gm     mm     rm   =  wm   Q  }m    T  m  
 U  m   $  m   %  m   8  m  # (  m  ( )  m  .   m  4   m  ;   m  A   m  H   m  O   m  U   m  ]    m  n   n     n      n      %n     ,n   	  1n     7n     <n   9  An   8  Hn   9  On   8  Un   9  [n     an     in     pn     un     }n      n     n     n   M  n   d  n   h  n  ' i  n  1 e  n  7 1  n  < -  n  A l  n  H T  n  O U  n  T p  n  _ t  n  n x  n  v |  )o   }  2o   y  8o   u  =o   q  Bo   m  Ho   1  Lo   -  Ro   %  Wo   !  ]o     bo     ho     ro     zo   T  o   U  o     o     o     o  #     o  * !   o  /   o  4   o  < (  o  B )  o  H   o  N   o  U   o  [   o  b   o  i   o  o   o  w    p     'p     2p      9p      ?p     Ep   	  Kp     Pp     Up     [p     cp     lp     up     |p      p     p     p     p     p     p  $   p  .   p  4   p  <   p  B   p  H   p  N   p  T   p  Z   p  a   p  g   p  m   p  u   q     q     "q     &q     +q     /q     4q     :q     ?q     Dq     Iq     Mq     Qq     Uq     [q     `q     eq     iq     mq     qq     yq     q     q  
   q     q     q     q  "   q  '   q  +   q  3 (  q  9 )  q  >   q  C   q  I   q  O   q  V   q  \   q  b   q  h    q  |   r     "r      'r      -r     3r   	  7r     <r     Ar     Fr     Mr     [r     er     lr     tr     {r     r     r     r     r     r      r  (   r  .   r  3   r  8   r  =   r  B    r  I T  r  N U  r  T $  r  [ (  r  b )  r  h   r  n   r  ~   s     s   (  s   )  s     $s     +s   %  0s   !  5s     <s     Bs   |  Js   }  Ss     Ys     bs     is     ps     xs     }s      s     s     s     s     s      s  (   s  .   s  5   s  > P  s  F T  s  K U  s  Q   s  W   s  ]   s  c   s  i   s  m   s  r Q  s  y   s     t     t     t     t     t     "t   |  )t   }  0t     6t     =t     Gt     Nt     Wt     ^t     et     jt     pt     vt     |t     t     t     t     t     t     t  % l  t  + m  t  1   t  6   t  <    t  A L  t  F M  t  L   t  Q   t  W   t  \   t  i   t  y   t     u     	u     u     u     u     !u     (u     0u     6u     ;u     Au     Fu     Ku     Qu     Vu     [u     bu     ru     }u     u  
 (  u   )  u     u     u  # %  u  ( !  u  -   u  7   u  =   u  D   u  I   u  N   u  V   u  c   u  r   u     v      v     v     v      v     &v      ,v      1v     ?v     Iv     Rv     Xv     `v     ev   	  jv     ov     vv     |v     v     v     v     v     v     v  -   v  A \  v  L ]  v  Q \  v  X ]  v  ]   v  c   v  i   v  o   v  u   v  {   v     w     
w   |   w      w       w   }   %w   \  -w   ]  3w     :w     @w     Fw     Kw      Qw     Ww     ^w     dw     iw     ow     tw     zw     w     w  	   w      w     w  $   w  o   w  w   w      x      x      x   <  $x   =  *x      0x      7x      <x      Dx   $  Lx   %  Rx   (  Zx   ,  fx   -  px   ,  wx   -  }x    0  x   4  x   5  x  G 1  x  N 8  x  T <  x  b =  x  w 9  x  | @  y   D  
y   E  y   H  "y   I  1y   L  @y   M  y  ` `   y  j d   y  r h   y   i   y   l   y   m   y   p   y   q   y   t   y   u   z   e   	z   a   z   P  z   T  z   X  &z   Y  -z   U  1z   Q  5z   \  ;z   `  Cz   a  Iz   H  Vz   I  az   ]  iz   A  nz   d  zz  ' h  z  7 $   z  ^ (   z  g ,   z  m     z  r !   z  w -   z  } )   z   %   z   l  z       z   !   z   <  {   ,   {       {   !   {   -   {   =  {   m  {   i  J{   e  Q{   p  X{   t  `{   x  o{   y  }{  * |  {  3 }  {  : u  {  ? q  {  F p  {  L t  {  P x  {  ] y  {  k |  {  r }  {  x u  {  | q  {   )  {   !  {     {     {     {     |       |   !   |     |     #|     *|     1|     9|     @|     E|     R|    ,  Z|   -  a|   ,  f|   -  l|   0  r|   4  ~|  + 5  |  F 1  |  L 8  |  R <  |  _ =  |  u 9  |  {   |     |     |     |     }     }     #}     2}     F}     L}   @  T}   D  Z}   E  ^}   H  i}   I  u}  ! L  }  /                      ;      C    M  N~     J    `   W~  !   S   & d   ^~  '   Z   ,   `   2 h   l~  6   h   : i   w~  A   s   E l   ~  H m   ~  N p   ~  T      X q   ~  X t   ~  o u   ~  t e   ~  {       a   ~         P  ~   T  ~   X  ~   Y  ~   U  ~   Q  ~         \  ~   `  ~   a  ~         H          I     ]  &        A  ,     3     .     :     5     @  	   =     N   H  L      Z  $   a  * I  X  +   f  /   k  4   b  4 p  q  :   l  ? t  v  ?     R x    T y    g H    k |    o }    u I    v u    y q          p     t          x          y          |     }          u     q                  
          	     	  !   	     	  &   		  /     =   	  L     F   	  U     d  7 	  s  =   j  =   y  L 	    P     R     W h     _ D    _ E    e i     i p    k t    q u    w 	    z q     p     t     u     q     	      	     h      i      l      m      $	     (	     ,	  '   -	  /   0	  :   1	  A   0	  I   1	  O  ! 0	  V  ( 1	  [  . 0	  b  4 1	  h  : 0	  n  A 1	  t  F 0	  z  M 1	    S )	    Y 4	    ` 5	    g 8	    o 9	    w %	    } !	     	          <	              +    0   ;    8   B     Q   \ !   Z   d    _   i    f   p    j   t    s   }    {                                       @	      A	             D	              !       E	      H	      L	     P	     T	     + X	  /  9 Y	  7  B \	  B  L `	  K  V d	  S  ] h	  i  t     q  | !   v   i	     e	     a	     ]	     U	     l	     m	     Q	     p	     q	     t	     u	    
 M	     I	     =	     <	                              !            6    <  :    d  \                                        /  ' @	  Z  S A	  y  r       D	            !      E	  	   H	  5	  - L	  X	  P P	  s	  j T	  	   X	  	   Y	  	   \	  	   `	  
   d	  %
   h	  =
  5     T
  L !   k
  b i	    R e	  D  u a	  d   ]	  y   U	     l	     m	     Q	     p	    * q	    M t	  V   u	  B   M	  m   I	     =	     	  ^   	     	     	     	     	           x	     |	    . 